TN:
SF:./spec/mo.spec.js
FN:1,(anonymous_1)
FN:2,(anonymous_2)
FN:2,e
FN:3,s
FN:3,(anonymous_5)
FN:3,(anonymous_6)
FN:7,(anonymous_7)
FN:7,ctor
FN:18,(anonymous_9)
FN:21,Burst
FN:99,(anonymous_11)
FN:141,(anonymous_12)
FN:157,(anonymous_13)
FN:179,(anonymous_14)
FN:190,(anonymous_15)
FN:205,(anonymous_16)
FN:213,(anonymous_17)
FN:221,(anonymous_18)
FN:232,(anonymous_19)
FN:236,(anonymous_20)
FN:240,(anonymous_21)
FN:244,(anonymous_22)
FN:255,(anonymous_23)
FN:273,(anonymous_24)
FN:313,(anonymous_25)
FN:323,(anonymous_26)
FN:330,(anonymous_27)
FN:338,(anonymous_28)
FN:349,(anonymous_29)
FN:350,(anonymous_30)
FN:353,(anonymous_31)
FN:363,(anonymous_32)
FN:364,BezierEasing
FN:369,(anonymous_34)
FN:373,(anonymous_35)
FN:394,(anonymous_36)
FN:397,(anonymous_37)
FN:400,(anonymous_38)
FN:403,(anonymous_39)
FN:406,(anonymous_40)
FN:409,(anonymous_41)
FN:425,(anonymous_42)
FN:434,(anonymous_43)
FN:454,(anonymous_44)
FN:480,(anonymous_45)
FN:489,(anonymous_46)
FN:505,(anonymous_47)
FN:511,(anonymous_48)
FN:524,(anonymous_49)
FN:535,(anonymous_50)
FN:536,Easing
FN:544,(anonymous_52)
FN:549,(anonymous_53)
FN:561,(anonymous_54)
FN:564,(anonymous_55)
FN:567,(anonymous_56)
FN:576,(anonymous_57)
FN:579,(anonymous_58)
FN:582,(anonymous_59)
FN:591,(anonymous_60)
FN:594,(anonymous_61)
FN:597,(anonymous_62)
FN:606,(anonymous_63)
FN:609,(anonymous_64)
FN:612,(anonymous_65)
FN:621,(anonymous_66)
FN:624,(anonymous_67)
FN:627,(anonymous_68)
FN:633,(anonymous_69)
FN:640,(anonymous_70)
FN:647,(anonymous_71)
FN:662,(anonymous_72)
FN:665,(anonymous_73)
FN:668,(anonymous_74)
FN:677,(anonymous_75)
FN:682,(anonymous_76)
FN:687,(anonymous_77)
FN:698,(anonymous_78)
FN:712,(anonymous_79)
FN:726,(anonymous_80)
FN:746,(anonymous_81)
FN:749,(anonymous_82)
FN:760,(anonymous_83)
FN:768,(anonymous_84)
FN:787,(anonymous_85)
FN:812,(anonymous_86)
FN:818,(anonymous_87)
FN:826,(anonymous_88)
FN:836,(anonymous_89)
FN:849,(anonymous_90)
FN:857,(anonymous_91)
FN:874,(anonymous_92)
FN:881,(anonymous_93)
FN:886,(anonymous_94)
FN:887,(anonymous_95)
FN:896,PathEasing
FN:914,(anonymous_97)
FN:931,(anonymous_98)
FN:978,(anonymous_99)
FN:989,(anonymous_100)
FN:999,(anonymous_101)
FN:1005,(anonymous_102)
FN:1012,(anonymous_103)
FN:1035,(anonymous_104)
FN:1039,(anonymous_105)
FN:1052,(anonymous_106)
FN:1063,(anonymous_107)
FN:1086,(anonymous_108)
FN:1100,(anonymous_109)
FN:1113,(anonymous_110)
FN:1116,(anonymous_111)
FN:1188,Helpers
FN:1192,(anonymous_113)
FN:1212,(anonymous_114)
FN:1230,(anonymous_115)
FN:1241,(anonymous_116)
FN:1248,(anonymous_117)
FN:1258,(anonymous_118)
FN:1265,(anonymous_119)
FN:1282,(anonymous_120)
FN:1290,(anonymous_121)
FN:1297,(anonymous_122)
FN:1304,(anonymous_123)
FN:1311,(anonymous_124)
FN:1339,(anonymous_125)
FN:1341,(anonymous_126)
FN:1351,(anonymous_127)
FN:1368,(anonymous_128)
FN:1382,(anonymous_129)
FN:1389,(anonymous_130)
FN:1390,(anonymous_131)
FN:1397,(anonymous_132)
FN:1407,(anonymous_133)
FN:1411,(anonymous_134)
FN:1433,(anonymous_135)
FN:1475,(anonymous_136)
FN:1479,(anonymous_137)
FN:1486,(anonymous_138)
FN:1498,(anonymous_139)
FN:1514,(anonymous_140)
FN:1522,(anonymous_141)
FN:1530,(anonymous_142)
FN:1597,(anonymous_143)
FN:1613,(anonymous_144)
FN:1617,(anonymous_145)
FN:1626,(anonymous_146)
FN:1639,(anonymous_147)
FN:1654,(anonymous_148)
FN:1658,(anonymous_149)
FN:1674,(anonymous_150)
FN:1678,(anonymous_151)
FN:1696,(anonymous_152)
FN:1732,(anonymous_153)
FN:1749,(anonymous_154)
FN:1751,(anonymous_155)
FN:1751,(anonymous_156)
FN:1761,(anonymous_157)
FN:1790,MotionPath
FN:1800,(anonymous_159)
FN:1811,(anonymous_160)
FN:1852,(anonymous_161)
FN:1890,(anonymous_162)
FN:1894,(anonymous_163)
FN:1898,(anonymous_164)
FN:1911,(anonymous_165)
FN:1924,(anonymous_166)
FN:1948,(anonymous_167)
FN:1973,(anonymous_168)
FN:1978,(anonymous_169)
FN:1983,(anonymous_170)
FN:2001,(anonymous_171)
FN:2008,(anonymous_172)
FN:2009,(anonymous_173)
FN:2014,(anonymous_174)
FN:2015,(anonymous_175)
FN:2030,(anonymous_176)
FN:2031,(anonymous_177)
FN:2035,(anonymous_178)
FN:2036,(anonymous_179)
FN:2047,(anonymous_180)
FN:2048,(anonymous_181)
FN:2049,(anonymous_182)
FN:2056,(anonymous_183)
FN:2068,(anonymous_184)
FN:2077,(anonymous_185)
FN:2086,(anonymous_186)
FN:2106,(anonymous_187)
FN:2131,(anonymous_188)
FN:2140,(anonymous_189)
FN:2179,(anonymous_190)
FN:2187,(anonymous_191)
FN:2197,(anonymous_192)
FN:2207,(anonymous_193)
FN:2228,(anonymous_194)
FN:2229,(anonymous_195)
FN:2233,(anonymous_196)
FN:2234,(anonymous_197)
FN:2239,(anonymous_198)
FN:2240,(anonymous_199)
FN:2245,(anonymous_200)
FN:2253,(anonymous_201)
FN:2258,(anonymous_202)
FN:2278,(anonymous_203)
FN:2281,(anonymous_204)
FN:2286,(anonymous_205)
FN:2291,(anonymous_206)
FN:2297,(anonymous_207)
FN:2300,(anonymous_208)
FN:2316,(anonymous_209)
FN:2320,(anonymous_210)
FN:2328,(anonymous_211)
FN:2333,(anonymous_212)
FN:2358,Bit
FN:2364,(anonymous_214)
FN:2370,(anonymous_215)
FN:2382,(anonymous_216)
FN:2388,(anonymous_217)
FN:2402,(anonymous_218)
FN:2420,(anonymous_219)
FN:2434,(anonymous_220)
FN:2448,(anonymous_221)
FN:2464,(anonymous_222)
FN:2483,(anonymous_223)
FN:2487,(anonymous_224)
FN:2507,(anonymous_225)
FN:2514,(anonymous_226)
FN:2521,(anonymous_227)
FN:2536,(anonymous_228)
FN:2557,(anonymous_229)
FN:2558,BitsMap
FN:2573,(anonymous_231)
FN:2583,(anonymous_232)
FN:2587,(anonymous_233)
FN:2587,ctor
FN:2592,(anonymous_235)
FN:2595,Circle
FN:2601,(anonymous_237)
FN:2614,(anonymous_238)
FN:2627,(anonymous_239)
FN:2631,(anonymous_240)
FN:2631,ctor
FN:2636,(anonymous_242)
FN:2639,Cross
FN:2645,(anonymous_244)
FN:2662,(anonymous_245)
FN:2675,(anonymous_246)
FN:2679,(anonymous_247)
FN:2679,ctor
FN:2684,(anonymous_249)
FN:2687,Equal
FN:2695,(anonymous_251)
FN:2717,(anonymous_252)
FN:2727,(anonymous_253)
FN:2731,(anonymous_254)
FN:2731,ctor
FN:2736,(anonymous_256)
FN:2739,Line
FN:2743,(anonymous_258)
FN:2761,(anonymous_259)
FN:2765,(anonymous_260)
FN:2765,ctor
FN:2772,(anonymous_262)
FN:2775,Polygon
FN:2781,(anonymous_264)
FN:2786,(anonymous_265)
FN:2814,(anonymous_266)
FN:2824,(anonymous_267)
FN:2828,(anonymous_268)
FN:2828,ctor
FN:2833,(anonymous_270)
FN:2836,Rect
FN:2844,(anonymous_272)
FN:2857,(anonymous_273)
FN:2870,(anonymous_274)
FN:2874,(anonymous_275)
FN:2874,ctor
FN:2879,(anonymous_277)
FN:2882,Zigzag
FN:2890,(anonymous_279)
FN:2923,(anonymous_280)
FN:2932,(anonymous_281)
FN:2946,Spriter
FN:2964,(anonymous_283)
FN:2970,(anonymous_284)
FN:2974,(anonymous_285)
FN:2978,(anonymous_286)
FN:2989,(anonymous_287)
FN:2996,(anonymous_288)
FN:2997,(anonymous_289)
FN:3002,(anonymous_290)
FN:3003,(anonymous_291)
FN:3008,(anonymous_292)
FN:3009,(anonymous_293)
FN:3019,(anonymous_294)
FN:3020,(anonymous_295)
FN:3021,(anonymous_296)
FN:3027,(anonymous_297)
FN:3049,(anonymous_298)
FN:3058,(anonymous_299)
FN:3059,Stagger
FN:3063,(anonymous_301)
FN:3073,(anonymous_302)
FN:3083,(anonymous_303)
FN:3100,(anonymous_304)
FN:3113,(anonymous_305)
FN:3128,(anonymous_306)
FN:3136,(anonymous_307)
FN:3137,StaggerWrapper
FN:3140,(anonymous_309)
FN:3151,(anonymous_310)
FN:3155,(anonymous_311)
FN:3155,ctor
FN:3160,(anonymous_313)
FN:3163,Swirl
FN:3172,(anonymous_315)
FN:3177,(anonymous_316)
FN:3199,(anonymous_317)
FN:3221,(anonymous_318)
FN:3242,(anonymous_319)
FN:3255,(anonymous_320)
FN:3265,(anonymous_321)
FN:3269,(anonymous_322)
FN:3269,ctor
FN:3280,(anonymous_324)
FN:3283,Transit
FN:3322,(anonymous_326)
FN:3343,(anonymous_327)
FN:3368,(anonymous_328)
FN:3393,(anonymous_329)
FN:3401,(anonymous_330)
FN:3409,(anonymous_331)
FN:3431,(anonymous_332)
FN:3445,(anonymous_333)
FN:3449,(anonymous_334)
FN:3456,(anonymous_335)
FN:3469,(anonymous_336)
FN:3473,(anonymous_337)
FN:3496,(anonymous_338)
FN:3512,(anonymous_339)
FN:3522,(anonymous_340)
FN:3535,(anonymous_341)
FN:3549,(anonymous_342)
FN:3557,(anonymous_343)
FN:3589,(anonymous_344)
FN:3599,(anonymous_345)
FN:3667,(anonymous_346)
FN:3674,(anonymous_347)
FN:3689,(anonymous_348)
FN:3729,(anonymous_349)
FN:3744,(anonymous_350)
FN:3745,(anonymous_351)
FN:3746,(anonymous_352)
FN:3749,(anonymous_353)
FN:3753,(anonymous_354)
FN:3757,(anonymous_355)
FN:3767,(anonymous_356)
FN:3773,(anonymous_357)
FN:3778,(anonymous_358)
FN:3779,(anonymous_359)
FN:3790,(anonymous_360)
FN:3797,(anonymous_361)
FN:3798,(anonymous_362)
FN:3802,(anonymous_363)
FN:3803,(anonymous_364)
FN:3809,(anonymous_365)
FN:3810,(anonymous_366)
FN:3814,(anonymous_367)
FN:3815,(anonymous_368)
FN:3824,(anonymous_369)
FN:3851,(anonymous_370)
FN:3861,(anonymous_371)
FN:3888,(anonymous_372)
FN:3902,(anonymous_373)
FN:3903,(anonymous_374)
FN:3904,(anonymous_375)
FN:3911,(anonymous_376)
FN:3924,(anonymous_377)
FN:3935,(anonymous_378)
FN:3943,(anonymous_379)
FN:3951,Timeline
FN:3958,(anonymous_381)
FN:3969,(anonymous_382)
FN:3976,(anonymous_383)
FN:3990,(anonymous_384)
FN:4001,(anonymous_385)
FN:4010,(anonymous_386)
FN:4021,(anonymous_387)
FN:4029,(anonymous_388)
FN:4043,(anonymous_389)
FN:4055,(anonymous_390)
FN:4063,(anonymous_391)
FN:4076,(anonymous_392)
FN:4085,(anonymous_393)
FN:4093,(anonymous_394)
FN:4111,(anonymous_395)
FN:4147,(anonymous_396)
FN:4153,(anonymous_397)
FN:4159,(anonymous_398)
FN:4166,(anonymous_399)
FN:4171,(anonymous_400)
FN:4176,(anonymous_401)
FN:4181,(anonymous_402)
FN:4192,(anonymous_403)
FN:4200,(anonymous_404)
FN:4215,(anonymous_405)
FN:4224,(anonymous_406)
FN:4240,Tween
FN:4247,(anonymous_408)
FN:4254,(anonymous_409)
FN:4259,(anonymous_410)
FN:4271,(anonymous_411)
FN:4282,(anonymous_412)
FN:4339,(anonymous_413)
FN:4350,(anonymous_414)
FN:4364,(anonymous_415)
FN:4378,(anonymous_416)
FN:4398,(anonymous_417)
FN:4404,(anonymous_418)
FN:4410,(anonymous_419)
FN:4415,(anonymous_420)
FN:4426,(anonymous_421)
FN:4437,(anonymous_422)
FN:4438,Tweener
FN:4443,(anonymous_424)
FN:4448,(anonymous_425)
FN:4462,(anonymous_426)
FN:4470,(anonymous_427)
FN:4474,(anonymous_428)
FN:4488,(anonymous_429)
FN:4493,(anonymous_430)
FN:4497,(anonymous_431)
FN:4513,(anonymous_432)
FN:4521,(anonymous_433)
FN:4523,(anonymous_434)
FN:4524,Main
FN:4533,(anonymous_436)
FN:4562,(anonymous_437)
FN:4565,(anonymous_438)
FN:4574,(anonymous_439)
FN:4577,(anonymous_440)
FN:4579,(anonymous_441)
FN:4597,(anonymous_442)
FN:4599,(anonymous_443)
FN:4616,(anonymous_444)
FN:4637,(anonymous_445)
FN:4638,(anonymous_446)
FN:4650,(anonymous_447)
FN:4654,(anonymous_448)
FN:4655,(anonymous_449)
FN:4668,(anonymous_450)
FN:4682,(anonymous_451)
FN:4695,(anonymous_452)
FN:4717,(anonymous_453)
FNF:453
FNH:453
FNDA:1,(anonymous_1)
FNDA:1,(anonymous_2)
FNDA:1,e
FNDA:72,s
FNDA:70,(anonymous_5)
FNDA:1,(anonymous_6)
FNDA:1,(anonymous_7)
FNDA:1,ctor
FNDA:1,(anonymous_9)
FNDA:84,Burst
FNDA:19,(anonymous_11)
FNDA:84,(anonymous_12)
FNDA:85,(anonymous_13)
FNDA:417,(anonymous_14)
FNDA:803,(anonymous_15)
FNDA:804,(anonymous_16)
FNDA:2415,(anonymous_17)
FNDA:804,(anonymous_18)
FNDA:234,(anonymous_19)
FNDA:234,(anonymous_20)
FNDA:103,(anonymous_21)
FNDA:86,(anonymous_22)
FNDA:86,(anonymous_23)
FNDA:471,(anonymous_24)
FNDA:32556,(anonymous_25)
FNDA:28,(anonymous_26)
FNDA:16,(anonymous_27)
FNDA:1,(anonymous_28)
FNDA:1,(anonymous_29)
FNDA:1,(anonymous_30)
FNDA:0,(anonymous_31)
FNDA:1,(anonymous_32)
FNDA:1,BezierEasing
FNDA:1,(anonymous_34)
FNDA:3428,(anonymous_35)
FNDA:74547,(anonymous_36)
FNDA:74547,(anonymous_37)
FNDA:74547,(anonymous_38)
FNDA:62062,(anonymous_39)
FNDA:12485,(anonymous_40)
FNDA:2497,(anonymous_41)
FNDA:4507,(anonymous_42)
FNDA:0,(anonymous_43)
FNDA:2497,(anonymous_44)
FNDA:4911,(anonymous_45)
FNDA:4911,(anonymous_46)
FNDA:4,(anonymous_47)
FNDA:15,(anonymous_48)
FNDA:1,(anonymous_49)
FNDA:1,(anonymous_50)
FNDA:1,Easing
FNDA:9,(anonymous_52)
FNDA:11636,(anonymous_53)
FNDA:1,(anonymous_54)
FNDA:1,(anonymous_55)
FNDA:2,(anonymous_56)
FNDA:5,(anonymous_57)
FNDA:3,(anonymous_58)
FNDA:2,(anonymous_59)
FNDA:1,(anonymous_60)
FNDA:1,(anonymous_61)
FNDA:2,(anonymous_62)
FNDA:1,(anonymous_63)
FNDA:1,(anonymous_64)
FNDA:2,(anonymous_65)
FNDA:1,(anonymous_66)
FNDA:3,(anonymous_67)
FNDA:1,(anonymous_68)
FNDA:2,(anonymous_69)
FNDA:2,(anonymous_70)
FNDA:4,(anonymous_71)
FNDA:1,(anonymous_72)
FNDA:1,(anonymous_73)
FNDA:2,(anonymous_74)
FNDA:1,(anonymous_75)
FNDA:28,(anonymous_76)
FNDA:29,(anonymous_77)
FNDA:4,(anonymous_78)
FNDA:30,(anonymous_79)
FNDA:31,(anonymous_80)
FNDA:2,(anonymous_81)
FNDA:9,(anonymous_82)
FNDA:2,(anonymous_83)
FNDA:1271,(anonymous_84)
FNDA:1271,(anonymous_85)
FNDA:1,(anonymous_86)
FNDA:10,(anonymous_87)
FNDA:3,(anonymous_88)
FNDA:8,(anonymous_89)
FNDA:7,(anonymous_90)
FNDA:8,(anonymous_91)
FNDA:1,(anonymous_92)
FNDA:1,(anonymous_93)
FNDA:1,(anonymous_94)
FNDA:36,(anonymous_95)
FNDA:51,PathEasing
FNDA:36,(anonymous_97)
FNDA:1034,(anonymous_98)
FNDA:25,(anonymous_99)
FNDA:27,(anonymous_100)
FNDA:30,(anonymous_101)
FNDA:8,(anonymous_102)
FNDA:7,(anonymous_103)
FNDA:28,(anonymous_104)
FNDA:39,(anonymous_105)
FNDA:39,(anonymous_106)
FNDA:80,(anonymous_107)
FNDA:83,(anonymous_108)
FNDA:5,(anonymous_109)
FNDA:1,(anonymous_110)
FNDA:1,(anonymous_111)
FNDA:1,Helpers
FNDA:1,(anonymous_113)
FNDA:1069,(anonymous_114)
FNDA:758,(anonymous_115)
FNDA:4,(anonymous_116)
FNDA:690,(anonymous_117)
FNDA:5006,(anonymous_118)
FNDA:6,(anonymous_119)
FNDA:73,(anonymous_120)
FNDA:3,(anonymous_121)
FNDA:55,(anonymous_122)
FNDA:17,(anonymous_123)
FNDA:7961,(anonymous_124)
FNDA:1283,(anonymous_125)
FNDA:4136,(anonymous_126)
FNDA:2328,(anonymous_127)
FNDA:1,(anonymous_128)
FNDA:26,(anonymous_129)
FNDA:25,(anonymous_130)
FNDA:33,(anonymous_131)
FNDA:11,(anonymous_132)
FNDA:50410,(anonymous_133)
FNDA:13,(anonymous_134)
FNDA:26,(anonymous_135)
FNDA:2,(anonymous_136)
FNDA:3,(anonymous_137)
FNDA:24,(anonymous_138)
FNDA:17,(anonymous_139)
FNDA:92,(anonymous_140)
FNDA:6551,(anonymous_141)
FNDA:1980,(anonymous_142)
FNDA:834,(anonymous_143)
FNDA:490,(anonymous_144)
FNDA:1873,(anonymous_145)
FNDA:3,(anonymous_146)
FNDA:8,(anonymous_147)
FNDA:20,(anonymous_148)
FNDA:225,(anonymous_149)
FNDA:41,(anonymous_150)
FNDA:3,(anonymous_151)
FNDA:1,(anonymous_152)
FNDA:0,(anonymous_153)
FNDA:1,(anonymous_154)
FNDA:155,(anonymous_155)
FNDA:8,(anonymous_156)
FNDA:1,(anonymous_157)
FNDA:155,MotionPath
FNDA:155,(anonymous_159)
FNDA:14,(anonymous_160)
FNDA:176,(anonymous_161)
FNDA:7,(anonymous_162)
FNDA:6,(anonymous_163)
FNDA:19,(anonymous_164)
FNDA:179,(anonymous_165)
FNDA:182,(anonymous_166)
FNDA:7,(anonymous_167)
FNDA:8,(anonymous_168)
FNDA:8,(anonymous_169)
FNDA:6,(anonymous_170)
FNDA:147,(anonymous_171)
FNDA:147,(anonymous_172)
FNDA:67,(anonymous_173)
FNDA:147,(anonymous_174)
FNDA:71,(anonymous_175)
FNDA:147,(anonymous_176)
FNDA:3425,(anonymous_177)
FNDA:147,(anonymous_178)
FNDA:2,(anonymous_179)
FNDA:71,(anonymous_180)
FNDA:71,(anonymous_181)
FNDA:71,(anonymous_182)
FNDA:4653,(anonymous_183)
FNDA:4650,(anonymous_184)
FNDA:2,(anonymous_185)
FNDA:4653,(anonymous_186)
FNDA:4653,(anonymous_187)
FNDA:4653,(anonymous_188)
FNDA:32,(anonymous_189)
FNDA:34,(anonymous_190)
FNDA:2,(anonymous_191)
FNDA:176,(anonymous_192)
FNDA:12,(anonymous_193)
FNDA:12,(anonymous_194)
FNDA:1074,(anonymous_195)
FNDA:12,(anonymous_196)
FNDA:14,(anonymous_197)
FNDA:12,(anonymous_198)
FNDA:4,(anonymous_199)
FNDA:14,(anonymous_200)
FNDA:21,(anonymous_201)
FNDA:52,(anonymous_202)
FNDA:1,(anonymous_203)
FNDA:1,(anonymous_204)
FNDA:0,(anonymous_205)
FNDA:1204,(anonymous_206)
FNDA:1,(anonymous_207)
FNDA:1,(anonymous_208)
FNDA:682,(anonymous_209)
FNDA:678,(anonymous_210)
FNDA:1,(anonymous_211)
FNDA:1,(anonymous_212)
FNDA:1444,Bit
FNDA:1445,(anonymous_214)
FNDA:728,(anonymous_215)
FNDA:728,(anonymous_216)
FNDA:729,(anonymous_217)
FNDA:40,(anonymous_218)
FNDA:7075,(anonymous_219)
FNDA:730,(anonymous_220)
FNDA:7149,(anonymous_221)
FNDA:14302,(anonymous_222)
FNDA:7,(anonymous_223)
FNDA:71418,(anonymous_224)
FNDA:92635,(anonymous_225)
FNDA:92638,(anonymous_226)
FNDA:6023,(anonymous_227)
FNDA:1,(anonymous_228)
FNDA:1,(anonymous_229)
FNDA:1,BitsMap
FNDA:637,(anonymous_231)
FNDA:1,(anonymous_232)
FNDA:1,(anonymous_233)
FNDA:1,ctor
FNDA:1,(anonymous_235)
FNDA:400,Circle
FNDA:1037,(anonymous_237)
FNDA:1038,(anonymous_238)
FNDA:1,(anonymous_239)
FNDA:1,(anonymous_240)
FNDA:1,ctor
FNDA:1,(anonymous_242)
FNDA:7,Cross
FNDA:8,(anonymous_244)
FNDA:9,(anonymous_245)
FNDA:1,(anonymous_246)
FNDA:1,(anonymous_247)
FNDA:1,ctor
FNDA:1,(anonymous_249)
FNDA:7,Equal
FNDA:7,(anonymous_251)
FNDA:9,(anonymous_252)
FNDA:1,(anonymous_253)
FNDA:1,(anonymous_254)
FNDA:1,ctor
FNDA:1,(anonymous_256)
FNDA:240,Line
FNDA:5969,(anonymous_258)
FNDA:1,(anonymous_259)
FNDA:1,(anonymous_260)
FNDA:1,ctor
FNDA:1,(anonymous_262)
FNDA:15,Polygon
FNDA:18,(anonymous_264)
FNDA:17,(anonymous_265)
FNDA:19,(anonymous_266)
FNDA:1,(anonymous_267)
FNDA:1,(anonymous_268)
FNDA:1,ctor
FNDA:1,(anonymous_270)
FNDA:11,Rect
FNDA:66,(anonymous_272)
FNDA:67,(anonymous_273)
FNDA:1,(anonymous_274)
FNDA:1,(anonymous_275)
FNDA:1,ctor
FNDA:1,(anonymous_277)
FNDA:8,Zigzag
FNDA:8,(anonymous_279)
FNDA:1,(anonymous_280)
FNDA:1,(anonymous_281)
FNDA:22,Spriter
FNDA:21,(anonymous_283)
FNDA:1,(anonymous_284)
FNDA:21,(anonymous_285)
FNDA:21,(anonymous_286)
FNDA:21,(anonymous_287)
FNDA:21,(anonymous_288)
FNDA:12,(anonymous_289)
FNDA:21,(anonymous_290)
FNDA:10,(anonymous_291)
FNDA:21,(anonymous_292)
FNDA:290,(anonymous_293)
FNDA:11,(anonymous_294)
FNDA:11,(anonymous_295)
FNDA:11,(anonymous_296)
FNDA:299,(anonymous_297)
FNDA:1,(anonymous_298)
FNDA:1,(anonymous_299)
FNDA:21,Stagger
FNDA:90,(anonymous_301)
FNDA:30,(anonymous_302)
FNDA:30,(anonymous_303)
FNDA:26,(anonymous_304)
FNDA:25,(anonymous_305)
FNDA:1,(anonymous_306)
FNDA:1,(anonymous_307)
FNDA:1,StaggerWrapper
FNDA:21,(anonymous_309)
FNDA:1,(anonymous_310)
FNDA:1,(anonymous_311)
FNDA:1,ctor
FNDA:1,(anonymous_313)
FNDA:419,Swirl
FNDA:420,(anonymous_315)
FNDA:877,(anonymous_316)
FNDA:1754,(anonymous_317)
FNDA:1415,(anonymous_318)
FNDA:414,(anonymous_319)
FNDA:9,(anonymous_320)
FNDA:1,(anonymous_321)
FNDA:1,(anonymous_322)
FNDA:1,ctor
FNDA:1,(anonymous_324)
FNDA:716,Transit
FNDA:718,(anonymous_326)
FNDA:724,(anonymous_327)
FNDA:767,(anonymous_328)
FNDA:6757,(anonymous_329)
FNDA:927,(anonymous_330)
FNDA:7055,(anonymous_331)
FNDA:7288,(anonymous_332)
FNDA:226,(anonymous_333)
FNDA:5705,(anonymous_334)
FNDA:31064,(anonymous_335)
FNDA:7054,(anonymous_336)
FNDA:1138,(anonymous_337)
FNDA:1222,(anonymous_338)
FNDA:3670,(anonymous_339)
FNDA:635,(anonymous_340)
FNDA:7276,(anonymous_341)
FNDA:7275,(anonymous_342)
FNDA:6087,(anonymous_343)
FNDA:7275,(anonymous_344)
FNDA:1235,(anonymous_345)
FNDA:33293,(anonymous_346)
FNDA:1863,(anonymous_347)
FNDA:44,(anonymous_348)
FNDA:39,(anonymous_349)
FNDA:38,(anonymous_350)
FNDA:38,(anonymous_351)
FNDA:1225,(anonymous_352)
FNDA:23,(anonymous_353)
FNDA:18,(anonymous_354)
FNDA:23,(anonymous_355)
FNDA:23,(anonymous_356)
FNDA:726,(anonymous_357)
FNDA:726,(anonymous_358)
FNDA:160,(anonymous_359)
FNDA:726,(anonymous_360)
FNDA:726,(anonymous_361)
FNDA:5287,(anonymous_362)
FNDA:726,(anonymous_363)
FNDA:219,(anonymous_364)
FNDA:726,(anonymous_365)
FNDA:5,(anonymous_366)
FNDA:726,(anonymous_367)
FNDA:4,(anonymous_368)
FNDA:26,(anonymous_369)
FNDA:22,(anonymous_370)
FNDA:38,(anonymous_371)
FNDA:80,(anonymous_372)
FNDA:312,(anonymous_373)
FNDA:312,(anonymous_374)
FNDA:312,(anonymous_375)
FNDA:78,(anonymous_376)
FNDA:2,(anonymous_377)
FNDA:1,(anonymous_378)
FNDA:1,(anonymous_379)
FNDA:1054,Timeline
FNDA:1054,(anonymous_381)
FNDA:1448,(anonymous_382)
FNDA:1453,(anonymous_383)
FNDA:1054,(anonymous_384)
FNDA:9,(anonymous_385)
FNDA:1544,(anonymous_386)
FNDA:2,(anonymous_387)
FNDA:70,(anonymous_388)
FNDA:5,(anonymous_389)
FNDA:78,(anonymous_390)
FNDA:43,(anonymous_391)
FNDA:1642,(anonymous_392)
FNDA:12552,(anonymous_393)
FNDA:12561,(anonymous_394)
FNDA:12552,(anonymous_395)
FNDA:447,(anonymous_396)
FNDA:2,(anonymous_397)
FNDA:4,(anonymous_398)
FNDA:2,(anonymous_399)
FNDA:5,(anonymous_400)
FNDA:490,(anonymous_401)
FNDA:489,(anonymous_402)
FNDA:34,(anonymous_403)
FNDA:492,(anonymous_404)
FNDA:1,(anonymous_405)
FNDA:1,(anonymous_406)
FNDA:1179,Tween
FNDA:1179,(anonymous_408)
FNDA:1335,(anonymous_409)
FNDA:1179,(anonymous_410)
FNDA:1042,(anonymous_411)
FNDA:19140,(anonymous_412)
FNDA:349,(anonymous_413)
FNDA:11381,(anonymous_414)
FNDA:11748,(anonymous_415)
FNDA:157,(anonymous_416)
FNDA:8,(anonymous_417)
FNDA:2,(anonymous_418)
FNDA:3,(anonymous_419)
FNDA:2,(anonymous_420)
FNDA:1,(anonymous_421)
FNDA:1,(anonymous_422)
FNDA:1,Tweener
FNDA:1,(anonymous_424)
FNDA:676,(anonymous_425)
FNDA:451,(anonymous_426)
FNDA:37,(anonymous_427)
FNDA:670,(anonymous_428)
FNDA:442,(anonymous_429)
FNDA:196,(anonymous_430)
FNDA:245,(anonymous_431)
FNDA:1,(anonymous_432)
FNDA:1,(anonymous_433)
FNDA:1,(anonymous_434)
FNDA:1,Main
FNDA:1,(anonymous_436)
FNDA:1,(anonymous_437)
FNDA:1,(anonymous_438)
FNDA:33,(anonymous_439)
FNDA:33,(anonymous_440)
FNDA:6,(anonymous_441)
FNDA:33,(anonymous_442)
FNDA:6,(anonymous_443)
FNDA:6,(anonymous_444)
FNDA:6,(anonymous_445)
FNDA:1,(anonymous_446)
FNDA:0,(anonymous_447)
FNDA:0,(anonymous_448)
FNDA:0,(anonymous_449)
FNDA:1,(anonymous_450)
FNDA:0,(anonymous_451)
FNDA:0,(anonymous_452)
FNDA:0,(anonymous_453)
DA:1,1
DA:2,1
DA:3,72
DA:6,1
DA:7,1
DA:10,1
DA:12,1
DA:14,1
DA:16,1
DA:18,1
DA:19,1
DA:21,1
DA:22,84
DA:25,1
DA:29,1
DA:57,1
DA:88,1
DA:99,1
DA:100,19
DA:101,19
DA:102,11
DA:103,2
DA:105,11
DA:106,11
DA:107,11
DA:108,9
DA:110,11
DA:111,6
DA:112,6
DA:114,11
DA:115,11
DA:116,55
DA:117,55
DA:118,40
DA:119,15
DA:120,10
DA:122,55
DA:124,11
DA:126,19
DA:127,2
DA:128,2
DA:129,10
DA:130,10
DA:133,10
DA:138,19
DA:141,1
DA:142,84
DA:143,84
DA:144,84
DA:145,84
DA:146,396
DA:147,396
DA:148,396
DA:149,396
DA:150,396
DA:151,396
DA:152,396
DA:154,84
DA:157,1
DA:158,85
DA:159,85
DA:160,85
DA:161,85
DA:162,85
DA:163,85
DA:164,85
DA:165,401
DA:166,401
DA:167,401
DA:168,401
DA:169,401
DA:170,401
DA:171,401
DA:172,396
DA:174,401
DA:176,85
DA:179,1
DA:180,417
DA:181,417
DA:182,417
DA:183,417
DA:184,417
DA:185,417
DA:186,417
DA:187,417
DA:190,1
DA:191,803
DA:192,803
DA:193,803
DA:205,1
DA:206,804
DA:213,1
DA:214,2415
DA:215,833
DA:216,1582
DA:217,184
DA:221,1
DA:222,804
DA:223,804
DA:224,804
DA:225,130
DA:227,674
DA:228,674
DA:232,1
DA:233,234
DA:236,1
DA:237,234
DA:240,1
DA:241,103
DA:244,1
DA:245,86
DA:246,86
DA:247,86
DA:248,86
DA:249,86
DA:250,406
DA:252,86
DA:255,1
DA:256,86
DA:257,86
DA:258,86
DA:259,86
DA:260,406
DA:261,406
DA:262,406
DA:263,91
DA:266,86
DA:267,86
DA:268,86
DA:269,86
DA:270,86
DA:273,1
DA:274,471
DA:275,471
DA:276,471
DA:277,471
DA:278,471
DA:279,12246
DA:280,12246
DA:285,12246
DA:286,3768
DA:287,3671
DA:293,3768
DA:295,8478
DA:296,8365
DA:302,8478
DA:303,8264
DA:310,471
DA:313,1
DA:314,32556
DA:315,32556
DA:316,32556
DA:317,196
DA:319,32360
DA:323,1
DA:324,28
DA:325,28
DA:326,28
DA:327,28
DA:330,1
DA:331,16
DA:332,16
DA:333,16
DA:334,16
DA:335,16
DA:338,1
DA:339,1
DA:340,1
DA:343,1
DA:347,1
DA:350,1
DA:351,1
DA:353,1
DA:355,1
DA:363,1
DA:364,1
DA:365,1
DA:366,1
DA:369,1
DA:370,1
DA:373,1
DA:374,3428
DA:375,3428
DA:376,5
DA:378,3423
DA:379,13692
DA:380,13692
DA:381,4
DA:384,3419
DA:385,6
DA:387,3413
DA:388,3413
DA:389,3413
DA:390,3413
DA:391,3413
DA:392,3413
DA:393,3413
DA:394,3413
DA:395,74547
DA:397,3413
DA:398,74547
DA:400,3413
DA:401,74547
DA:403,3413
DA:404,62062
DA:406,3413
DA:407,12485
DA:409,3413
DA:410,2497
DA:411,2497
DA:412,2497
DA:413,9988
DA:416,9988
DA:417,1
DA:419,9988
DA:420,9988
DA:421,9988
DA:423,2497
DA:425,3413
DA:426,4507
DA:427,4507
DA:428,49577
DA:429,49577
DA:434,3413
DA:435,1
DA:436,1
DA:437,1
DA:438,1
DA:439,1
DA:440,1
DA:441,1
DA:442,1
DA:443,1
DA:445,1
DA:447,1
DA:448,1
DA:449,1
DA:452,1
DA:454,3413
DA:455,2497
DA:456,2497
DA:457,2497
DA:458,2497
DA:459,2497
DA:460,11165
DA:461,11165
DA:463,2497
DA:464,2497
DA:465,2497
DA:466,2497
DA:467,2497
DA:468,2497
DA:469,2497
DA:473,1
DA:474,1
DA:476,1
DA:480,3413
DA:481,4911
DA:482,4911
DA:483,4911
DA:484,4507
DA:487,3413
DA:488,3413
DA:489,3413
DA:490,4911
DA:491,4911
DA:493,4911
DA:494,404
DA:496,4507
DA:497,1006
DA:499,3501
DA:500,1004
DA:502,2497
DA:504,3413
DA:505,3413
DA:506,4
DA:508,3413
DA:511,1
DA:512,15
DA:515,1
DA:519,1
DA:521,1
DA:525,1
DA:527,1
DA:529,1
DA:531,1
DA:533,1
DA:535,1
DA:536,1
DA:538,1
DA:540,1
DA:542,1
DA:544,1
DA:545,9
DA:548,1
DA:550,11636
DA:554,1
DA:560,1
DA:562,1
DA:565,1
DA:568,2
DA:569,1
DA:571,1
DA:575,1
DA:577,5
DA:580,3
DA:583,2
DA:584,1
DA:586,1
DA:590,1
DA:592,1
DA:595,1
DA:598,2
DA:599,1
DA:601,1
DA:605,1
DA:607,1
DA:610,1
DA:613,2
DA:614,1
DA:616,1
DA:620,1
DA:622,1
DA:625,3
DA:628,1
DA:632,1
DA:634,2
DA:635,1
DA:637,1
DA:641,2
DA:642,1
DA:644,1
DA:648,4
DA:649,1
DA:651,3
DA:652,1
DA:654,2
DA:655,1
DA:657,1
DA:661,1
DA:663,1
DA:666,1
DA:669,2
DA:670,1
DA:672,1
DA:676,1
DA:678,1
DA:679,1
DA:680,1
DA:683,28
DA:684,28
DA:685,28
DA:688,29
DA:689,29
DA:690,29
DA:691,13
DA:693,16
DA:697,1
DA:699,4
DA:700,4
DA:701,4
DA:702,4
DA:703,1
DA:705,3
DA:706,1
DA:708,2
DA:709,2
DA:710,2
DA:713,30
DA:714,30
DA:715,30
DA:716,30
DA:717,1
DA:719,29
DA:720,2
DA:722,27
DA:723,27
DA:724,27
DA:727,31
DA:728,31
DA:729,31
DA:730,31
DA:731,1
DA:733,30
DA:734,2
DA:736,28
DA:737,28
DA:738,28
DA:739,13
DA:741,15
DA:745,1
DA:747,2
DA:750,9
DA:751,3
DA:752,6
DA:753,3
DA:754,3
DA:755,2
DA:757,1
DA:761,2
DA:762,1
DA:764,1
DA:768,1
DA:769,1271
DA:770,1271
DA:771,1271
DA:772,1262
DA:773,2
DA:775,1260
DA:776,1260
DA:779,9
DA:780,3
DA:782,6
DA:783,6
DA:787,1
DA:788,1271
DA:789,1271
DA:790,1
DA:792,1270
DA:793,1266
DA:794,1266
DA:795,1266
DA:796,1266
DA:798,4
DA:802,1
DA:806,1
DA:808,1
DA:810,1
DA:813,1
DA:816,1
DA:818,1
DA:819,10
DA:820,4
DA:822,6
DA:826,1
DA:827,3
DA:828,3
DA:829,3
DA:830,3
DA:831,3
DA:832,3
DA:833,3
DA:836,1
DA:837,8
DA:838,8
DA:839,8
DA:840,10
DA:841,10
DA:842,10
DA:843,7
DA:846,8
DA:849,1
DA:850,7
DA:851,7
DA:852,7
DA:853,3
DA:855,4
DA:857,7
DA:858,8
DA:859,8
DA:860,8
DA:861,8
DA:862,8
DA:863,1
DA:865,7
DA:866,4
DA:868,3
DA:874,1
DA:875,1
DA:876,1
DA:879,1
DA:882,1
DA:884,1
DA:886,1
DA:887,1
DA:888,36
DA:889,36
DA:890,36
DA:891,36
DA:892,36
DA:893,36
DA:896,1
DA:897,51
DA:898,51
DA:899,13
DA:901,38
DA:902,38
DA:903,2
DA:905,36
DA:906,36
DA:907,36
DA:908,36
DA:909,36
DA:910,36
DA:911,36
DA:914,1
DA:915,36
DA:916,36
DA:917,36
DA:918,36
DA:919,26496
DA:920,26496
DA:921,26496
DA:922,26496
DA:928,36
DA:931,1
DA:932,1034
DA:933,1034
DA:934,1
DA:936,1033
DA:937,15
DA:939,1033
DA:940,1033
DA:941,1017
DA:942,1017
DA:944,16
DA:945,16
DA:947,1033
DA:948,16
DA:949,16
DA:951,1017
DA:952,1017
DA:954,1033
DA:955,2657
DA:956,2657
DA:957,2657
DA:958,2657
DA:959,1395
DA:960,1395
DA:961,1395
DA:963,2657
DA:964,2562
DA:965,2562
DA:967,95
DA:968,95
DA:971,1033
DA:972,1033
DA:978,1
DA:979,25
DA:980,25
DA:981,25
DA:982,25
DA:983,25
DA:984,24
DA:986,1
DA:989,1
DA:990,27
DA:991,27
DA:992,27
DA:993,27
DA:994,24
DA:996,3
DA:999,1
DA:1000,30
DA:1001,24
DA:1005,1
DA:1006,8
DA:1007,8
DA:1008,8
DA:1009,8
DA:1012,1
DA:1013,7
DA:1014,7
DA:1015,2
DA:1017,7
DA:1018,7
DA:1019,7
DA:1020,7
DA:1021,1
DA:1023,6
DA:1024,2
DA:1026,4
DA:1030,4
DA:1031,4
DA:1035,1
DA:1036,28
DA:1039,1
DA:1040,39
DA:1041,39
DA:1042,39
DA:1043,39
DA:1044,39
DA:1045,39
DA:1046,39
DA:1047,39
DA:1048,39
DA:1049,39
DA:1052,1
DA:1053,39
DA:1054,39
DA:1055,39
DA:1056,89
DA:1057,89
DA:1058,89
DA:1060,39
DA:1063,1
DA:1064,80
DA:1065,80
DA:1066,39
DA:1068,80
DA:1069,80
DA:1070,80
DA:1071,80
DA:1072,80
DA:1073,80
DA:1074,80
DA:1075,59
DA:1076,59
DA:1077,59
DA:1078,105
DA:1079,105
DA:1080,105
DA:1083,80
DA:1086,1
DA:1087,83
DA:1088,83
DA:1089,1
DA:1091,83
DA:1092,83
DA:1093,133
DA:1094,133
DA:1095,133
DA:1097,83
DA:1100,1
DA:1101,5
DA:1102,5
DA:1103,5
DA:1104,5
DA:1107,1
DA:1111,1
DA:1114,1
DA:1116,1
DA:1117,1
DA:1119,1
DA:1121,1
DA:1142,1
DA:1155,1
DA:1162,1
DA:1170,1
DA:1181,1
DA:1186,1
DA:1188,1
DA:1189,1
DA:1192,1
DA:1193,1
DA:1194,1
DA:1195,1
DA:1196,1
DA:1197,1
DA:1198,1
DA:1199,1
DA:1200,1
DA:1201,1
DA:1202,1
DA:1203,1
DA:1204,1
DA:1205,1
DA:1206,1
DA:1207,1
DA:1208,1
DA:1209,1
DA:1212,1
DA:1213,1069
DA:1214,1069
DA:1215,1069
DA:1216,1069
DA:1217,1069
DA:1218,20337
DA:1219,20337
DA:1220,2
DA:1221,1
DA:1224,20335
DA:1227,1069
DA:1230,1
DA:1231,758
DA:1232,758
DA:1233,20399
DA:1234,20399
DA:1235,13609
DA:1238,758
DA:1241,1
DA:1242,4
DA:1243,4
DA:1244,4
DA:1245,4
DA:1248,1
DA:1249,690
DA:1250,8
DA:1251,682
DA:1252,35
DA:1254,647
DA:1258,1
DA:1259,5006
DA:1260,5006
DA:1261,5006
DA:1262,5006
DA:1265,1
DA:1266,6
DA:1267,6
DA:1268,1
DA:1269,1
DA:1270,1
DA:1271,1
DA:1272,3
DA:1273,3
DA:1274,3
DA:1276,1
DA:1278,5
DA:1282,1
DA:1283,73
DA:1284,73
DA:1285,73
DA:1286,73
DA:1287,73
DA:1290,1
DA:1291,3
DA:1292,1
DA:1294,2
DA:1297,1
DA:1298,55
DA:1299,1
DA:1301,54
DA:1304,1
DA:1305,17
DA:1306,1
DA:1308,16
DA:1311,1
DA:1312,7961
DA:1313,7961
DA:1314,5267
DA:1320,2694
DA:1321,2693
DA:1322,2693
DA:1323,2693
DA:1324,2693
DA:1325,2581
DA:1326,2581
DA:1328,2693
DA:1329,2693
DA:1336,1
DA:1339,1
DA:1340,1283
DA:1341,1283
DA:1342,4136
DA:1343,4136
DA:1344,4136
DA:1345,4136
DA:1347,1283
DA:1348,1283
DA:1351,1
DA:1352,2328
DA:1353,2328
DA:1354,2
DA:1356,2328
DA:1357,3
DA:1359,2325
DA:1360,2325
DA:1361,2325
DA:1362,2325
DA:1368,1
DA:1369,1
DA:1370,1
DA:1371,1
DA:1372,1
DA:1373,1
DA:1374,1
DA:1382,1
DA:1383,26
DA:1384,26
DA:1385,26
DA:1386,1
DA:1387,1
DA:1389,25
DA:1390,25
DA:1391,33
DA:1394,25
DA:1397,1
DA:1398,11
DA:1399,11
DA:1400,11
DA:1401,16
DA:1402,16
DA:1404,11
DA:1407,1
DA:1408,50410
DA:1411,1
DA:1412,13
DA:1413,13
DA:1414,13
DA:1415,13
DA:1416,4
DA:1417,4
DA:1418,4
DA:1419,5
DA:1420,5
DA:1422,9
DA:1423,2
DA:1424,2
DA:1425,2
DA:1426,2
DA:1427,2
DA:1430,13
DA:1433,1
DA:1434,26
DA:1435,26
DA:1436,6
DA:1437,6
DA:1438,6
DA:1439,6
DA:1440,6
DA:1441,6
DA:1442,6
DA:1450,26
DA:1451,20
DA:1452,20
DA:1453,7
DA:1455,20
DA:1456,13
DA:1458,20
DA:1459,20
DA:1460,20
DA:1461,20
DA:1462,20
DA:1463,20
DA:1464,20
DA:1472,26
DA:1475,1
DA:1476,2
DA:1479,1
DA:1480,3
DA:1481,1
DA:1483,2
DA:1486,1
DA:1487,24
DA:1488,24
DA:1489,24
DA:1490,24
DA:1491,24
DA:1492,4
DA:1494,20
DA:1498,1
DA:1499,17
DA:1500,17
DA:1501,17
DA:1502,17
DA:1503,17
DA:1504,17
DA:1505,17
DA:1506,17
DA:1507,17
DA:1508,7
DA:1510,10
DA:1514,1
DA:1515,92
DA:1516,88
DA:1518,4
DA:1522,1
DA:1523,6551
DA:1524,20
DA:1526,6531
DA:1530,1
DA:1531,1980
DA:1532,1980
DA:1533,1980
DA:1534,1980
DA:1537,1980
DA:1538,13
DA:1539,3
DA:1540,3
DA:1542,10
DA:1543,10
DA:1544,10
DA:1555,1967
DA:1556,10
DA:1557,10
DA:1558,10
DA:1559,10
DA:1560,13
DA:1561,13
DA:1562,13
DA:1564,10
DA:1571,1957
DA:1572,1955
DA:1573,818
DA:1574,818
DA:1575,818
DA:1576,818
DA:1583,1137
DA:1584,1137
DA:1585,1137
DA:1594,1977
DA:1597,1
DA:1598,834
DA:1599,4
DA:1600,4
DA:1601,830
DA:1602,10
DA:1603,10
DA:1604,820
DA:1605,12
DA:1606,5
DA:1607,5
DA:1608,5
DA:1613,1
DA:1614,490
DA:1617,1
DA:1618,1873
DA:1619,1873
DA:1620,1
DA:1622,1872
DA:1623,1872
DA:1626,1
DA:1627,3
DA:1628,3
DA:1629,3
DA:1630,3
DA:1631,3
DA:1632,7
DA:1633,6
DA:1636,3
DA:1639,1
DA:1640,8
DA:1641,8
DA:1642,8
DA:1643,8
DA:1644,8
DA:1645,8
DA:1646,6
DA:1647,6
DA:1649,2
DA:1650,2
DA:1651,2
DA:1654,1
DA:1655,20
DA:1658,1
DA:1659,225
DA:1660,225
DA:1661,208
DA:1662,202
DA:1663,202
DA:1664,202
DA:1666,6
DA:1669,17
DA:1670,7
DA:1674,1
DA:1675,41
DA:1678,1
DA:1679,3
DA:1680,3
DA:1681,3
DA:1682,3
DA:1683,3
DA:1684,3
DA:1685,3
DA:1688,1
DA:1692,1
DA:1694,1
DA:1697,1
DA:1699,1
DA:1724,1
DA:1726,1
DA:1731,1
DA:1732,1
DA:1733,1
DA:1740,1
DA:1741,1
DA:1747,1
DA:1750,1
DA:1751,155
DA:1753,1
DA:1755,1
DA:1757,1
DA:1759,1
DA:1761,1
DA:1762,1
DA:1790,1
DA:1791,155
DA:1792,155
DA:1793,155
DA:1794,8
DA:1796,147
DA:1797,147
DA:1800,1
DA:1801,155
DA:1802,155
DA:1803,155
DA:1804,155
DA:1805,155
DA:1806,155
DA:1807,155
DA:1808,155
DA:1811,1
DA:1812,14
DA:1813,14
DA:1814,14
DA:1815,14
DA:1819,14
DA:1820,14
DA:1821,14
DA:1822,14
DA:1823,14
DA:1824,14
DA:1825,14
DA:1826,10
DA:1828,14
DA:1829,14
DA:1830,14
DA:1838,14
DA:1839,14
DA:1840,14
DA:1848,14
DA:1849,14
DA:1852,1
DA:1853,176
DA:1854,176
DA:1855,176
DA:1856,176
DA:1857,176
DA:1858,176
DA:1859,176
DA:1860,176
DA:1861,176
DA:1862,176
DA:1863,176
DA:1864,176
DA:1865,3
DA:1866,3
DA:1868,173
DA:1869,173
DA:1870,173
DA:1871,173
DA:1872,5
DA:1873,5
DA:1875,168
DA:1876,168
DA:1877,168
DA:1878,168
DA:1879,168
DA:1880,6
DA:1881,6
DA:1882,6
DA:1883,6
DA:1884,6
DA:1885,6
DA:1890,1
DA:1891,7
DA:1894,1
DA:1895,6
DA:1898,1
DA:1899,19
DA:1900,19
DA:1901,19
DA:1902,19
DA:1903,19
DA:1904,19
DA:1905,19
DA:1906,19
DA:1907,19
DA:1908,19
DA:1911,1
DA:1912,179
DA:1913,11
DA:1915,168
DA:1916,163
DA:1918,5
DA:1919,5
DA:1920,5
DA:1924,1
DA:1925,182
DA:1926,182
DA:1927,182
DA:1928,172
DA:1930,10
DA:1931,10
DA:1948,1
DA:1949,7
DA:1950,7
DA:1954,7
DA:1955,7
DA:1956,7
DA:1957,7
DA:1958,7
DA:1959,7
DA:1960,7
DA:1962,5
DA:1963,5
DA:1965,1
DA:1966,1
DA:1968,1
DA:1969,1
DA:1973,1
DA:1974,8
DA:1975,8
DA:1978,1
DA:1979,8
DA:1980,8
DA:1983,1
DA:1984,6
DA:1985,6
DA:1986,4
DA:1987,4
DA:1988,12
DA:1989,12
DA:1990,9
DA:1991,9
DA:1993,3
DA:1996,4
DA:1998,6
DA:2001,1
DA:2002,147
DA:2009,147
DA:2010,67
DA:2011,67
DA:2015,147
DA:2016,71
DA:2017,71
DA:2027,71
DA:2031,147
DA:2032,3425
DA:2036,147
DA:2037,2
DA:2041,147
DA:2042,147
DA:2043,147
DA:2044,147
DA:2047,1
DA:2048,71
DA:2049,71
DA:2050,71
DA:2051,71
DA:2056,1
DA:2057,4653
DA:2058,4653
DA:2059,4653
DA:2060,4653
DA:2061,4653
DA:2062,4653
DA:2063,4653
DA:2064,4653
DA:2065,4653
DA:2068,1
DA:2069,4650
DA:2070,4650
DA:2071,4650
DA:2072,4650
DA:2073,4650
DA:2074,4650
DA:2077,1
DA:2078,2
DA:2083,2
DA:2086,1
DA:2087,4653
DA:2088,4653
DA:2089,4653
DA:2090,68
DA:2091,68
DA:2092,68
DA:2093,68
DA:2094,68
DA:2095,68
DA:2096,68
DA:2097,40
DA:2099,28
DA:2102,4585
DA:2106,1
DA:2107,4653
DA:2108,4653
DA:2109,155
DA:2110,155
DA:2112,4653
DA:2113,4653
DA:2114,4518
DA:2120,4653
DA:2121,2
DA:2123,4651
DA:2124,4650
DA:2126,1
DA:2131,1
DA:2132,4653
DA:2133,4653
DA:2134,17
DA:2135,17
DA:2136,17
DA:2140,1
DA:2141,32
DA:2142,32
DA:2143,32
DA:2144,32
DA:2145,32
DA:2146,19
DA:2147,19
DA:2149,13
DA:2150,13
DA:2151,13
DA:2152,13
DA:2154,13
DA:2155,13
DA:2157,13
DA:2158,13
DA:2159,13
DA:2161,32
DA:2162,32
DA:2163,32
DA:2164,32
DA:2165,32
DA:2175,32
DA:2176,32
DA:2179,1
DA:2180,34
DA:2181,34
DA:2182,34
DA:2183,34
DA:2187,1
DA:2188,2
DA:2189,2
DA:2190,2
DA:2191,5
DA:2192,5
DA:2194,2
DA:2197,1
DA:2198,176
DA:2199,176
DA:2200,176
DA:2201,969
DA:2202,969
DA:2204,176
DA:2207,1
DA:2208,12
DA:2209,12
DA:2210,12
DA:2211,12
DA:2212,276
DA:2213,276
DA:2214,192
DA:2215,172
DA:2218,84
DA:2219,80
DA:2222,276
DA:2223,60
DA:2226,12
DA:2227,12
DA:2228,12
DA:2229,12
DA:2230,1074
DA:2233,12
DA:2234,12
DA:2235,14
DA:2236,14
DA:2239,12
DA:2240,12
DA:2241,4
DA:2242,4
DA:2245,12
DA:2246,14
DA:2248,12
DA:2249,12
DA:2250,12
DA:2253,1
DA:2254,21
DA:2255,21
DA:2258,1
DA:2259,52
DA:2260,52
DA:2261,52
DA:2262,52
DA:2263,52
DA:2264,52
DA:2265,52
DA:2266,52
DA:2272,1
DA:2276,1
DA:2281,1
DA:2282,1
DA:2283,1
DA:2284,1
DA:2286,1
DA:2287,1
DA:2289,1
DA:2290,1
DA:2291,1
DA:2292,1204
DA:2300,1
DA:2302,1
DA:2303,1
DA:2304,1
DA:2305,1
DA:2306,1
DA:2307,2
DA:2308,2
DA:2309,2
DA:2310,2
DA:2311,2
DA:2313,1
DA:2314,1
DA:2315,1
DA:2316,1
DA:2317,682
DA:2318,682
DA:2319,682
DA:2320,682
DA:2321,678
DA:2324,1
DA:2329,1
DA:2331,1
DA:2333,1
DA:2334,1
DA:2336,1
DA:2338,1
DA:2340,1
DA:2358,1
DA:2359,1444
DA:2360,1444
DA:2361,1442
DA:2364,1
DA:2365,1445
DA:2366,1445
DA:2367,1443
DA:2370,1
DA:2371,728
DA:2372,722
DA:2373,6
DA:2374,2
DA:2376,728
DA:2377,728
DA:2378,728
DA:2379,728
DA:2382,1
DA:2383,728
DA:2384,728
DA:2385,728
DA:2388,1
DA:2389,729
DA:2390,729
DA:2391,728
DA:2393,729
DA:2394,729
DA:2395,729
DA:2396,10935
DA:2397,10935
DA:2399,729
DA:2402,1
DA:2403,40
DA:2404,40
DA:2405,39
DA:2406,39
DA:2407,39
DA:2408,39
DA:2409,39
DA:2410,40
DA:2411,40
DA:2412,40
DA:2414,39
DA:2416,1
DA:2420,1
DA:2421,7075
DA:2422,7075
DA:2423,7069
DA:2424,7069
DA:2425,105828
DA:2426,105828
DA:2428,7069
DA:2430,6
DA:2434,1
DA:2435,730
DA:2436,730
DA:2437,6
DA:2438,6
DA:2440,724
DA:2441,724
DA:2442,724
DA:2446,1
DA:2448,1
DA:2449,7149
DA:2450,7149
DA:2451,7149
DA:2452,7149
DA:2453,64341
DA:2454,64341
DA:2457,14298
DA:2459,64341
DA:2461,7149
DA:2464,1
DA:2465,14302
DA:2466,14302
DA:2467,14109
DA:2468,14109
DA:2469,14109
DA:2470,14152
DA:2471,14152
DA:2472,14152
DA:2474,14109
DA:2475,14109
DA:2477,193
DA:2478,4
DA:2479,4
DA:2483,1
DA:2484,7
DA:2487,1
DA:2488,71418
DA:2489,71418
DA:2490,7073
DA:2491,7073
DA:2492,7073
DA:2493,7073
DA:2494,28290
DA:2495,28290
DA:2496,28290
DA:2498,7073
DA:2500,64345
DA:2501,4
DA:2503,64345
DA:2507,1
DA:2508,92635
DA:2509,20334
DA:2510,20334
DA:2514,1
DA:2515,92638
DA:2516,59
DA:2518,92638
DA:2521,1
DA:2522,6023
DA:2523,6023
DA:2524,10
DA:2526,6013
DA:2530,1
DA:2534,1
DA:2537,1
DA:2539,1
DA:2541,1
DA:2543,1
DA:2545,1
DA:2547,1
DA:2549,1
DA:2551,1
DA:2553,1
DA:2555,1
DA:2557,1
DA:2558,1
DA:2560,1
DA:2562,1
DA:2573,1
DA:2574,637
DA:2577,1
DA:2581,1
DA:2586,1
DA:2587,1
DA:2590,1
DA:2592,1
DA:2593,1
DA:2595,1
DA:2596,400
DA:2599,1
DA:2601,1
DA:2602,1037
DA:2603,1037
DA:2604,1037
DA:2605,1037
DA:2611,1037
DA:2614,1
DA:2615,1038
DA:2616,1038
DA:2617,1038
DA:2618,1038
DA:2621,1
DA:2625,1
DA:2630,1
DA:2631,1
DA:2634,1
DA:2636,1
DA:2637,1
DA:2639,1
DA:2640,7
DA:2643,1
DA:2645,1
DA:2646,8
DA:2647,8
DA:2648,8
DA:2649,8
DA:2650,8
DA:2651,8
DA:2652,8
DA:2653,8
DA:2654,8
DA:2655,8
DA:2656,8
DA:2657,8
DA:2662,1
DA:2663,9
DA:2664,9
DA:2665,9
DA:2666,9
DA:2669,1
DA:2673,1
DA:2678,1
DA:2679,1
DA:2682,1
DA:2684,1
DA:2685,1
DA:2687,1
DA:2688,7
DA:2691,1
DA:2693,1
DA:2695,1
DA:2696,7
DA:2697,7
DA:2698,7
DA:2699,1
DA:2701,6
DA:2702,6
DA:2703,6
DA:2704,6
DA:2705,6
DA:2706,6
DA:2707,6
DA:2708,6
DA:2709,18
DA:2710,18
DA:2712,6
DA:2717,1
DA:2718,9
DA:2721,1
DA:2725,1
DA:2730,1
DA:2731,1
DA:2734,1
DA:2736,1
DA:2737,1
DA:2739,1
DA:2740,240
DA:2743,1
DA:2744,5969
DA:2745,5969
DA:2746,5969
DA:2752,5969
DA:2755,1
DA:2759,1
DA:2764,1
DA:2765,1
DA:2768,1
DA:2770,1
DA:2772,1
DA:2773,1
DA:2775,1
DA:2776,15
DA:2779,1
DA:2781,1
DA:2782,18
DA:2783,18
DA:2786,1
DA:2787,17
DA:2788,17
DA:2789,17
DA:2790,17
DA:2791,75
DA:2802,17
DA:2803,17
DA:2804,17
DA:2805,75
DA:2806,75
DA:2807,75
DA:2809,17
DA:2814,1
DA:2815,19
DA:2818,1
DA:2822,1
DA:2827,1
DA:2828,1
DA:2831,1
DA:2833,1
DA:2834,1
DA:2836,1
DA:2837,11
DA:2840,1
DA:2842,1
DA:2844,1
DA:2845,66
DA:2846,66
DA:2847,66
DA:2848,66
DA:2849,66
DA:2857,1
DA:2858,67
DA:2859,67
DA:2860,67
DA:2861,67
DA:2864,1
DA:2868,1
DA:2873,1
DA:2874,1
DA:2877,1
DA:2879,1
DA:2880,1
DA:2882,1
DA:2883,8
DA:2886,1
DA:2888,1
DA:2890,1
DA:2891,8
DA:2892,8
DA:2893,1
DA:2895,7
DA:2896,7
DA:2897,7
DA:2898,7
DA:2899,7
DA:2900,7
DA:2901,7
DA:2902,7
DA:2903,7
DA:2904,21
DA:2905,21
DA:2906,21
DA:2907,21
DA:2908,21
DA:2909,21
DA:2911,7
DA:2914,7
DA:2917,1
DA:2921,1
DA:2924,1
DA:2926,1
DA:2928,1
DA:2930,1
DA:2932,1
DA:2933,1
DA:2946,1
DA:2947,22
DA:2948,22
DA:2949,1
DA:2951,21
DA:2952,21
DA:2953,21
DA:2954,21
DA:2955,12
DA:2957,21
DA:2958,6
DA:2960,21
DA:2961,21
DA:2964,1
DA:2965,21
DA:2966,21
DA:2967,21
DA:2970,1
DA:2971,1
DA:2974,1
DA:2975,21
DA:2978,1
DA:2979,21
DA:2980,21
DA:2981,21
DA:2982,21
DA:2983,47
DA:2984,47
DA:2986,21
DA:2989,1
DA:2990,21
DA:2997,21
DA:2998,12
DA:2999,12
DA:3003,21
DA:3004,10
DA:3005,10
DA:3009,21
DA:3010,290
DA:3014,21
DA:3015,21
DA:3016,21
DA:3019,1
DA:3020,11
DA:3021,11
DA:3022,11
DA:3027,1
DA:3028,299
DA:3029,299
DA:3030,299
DA:3031,22
DA:3032,12
DA:3034,22
DA:3035,22
DA:3036,17
DA:3038,22
DA:3040,299
DA:3043,1
DA:3047,1
DA:3052,1
DA:3054,1
DA:3056,1
DA:3058,1
DA:3059,1
DA:3060,21
DA:3063,1
DA:3064,90
DA:3065,90
DA:3066,90
DA:3067,4
DA:3069,90
DA:3070,90
DA:3073,1
DA:3074,30
DA:3075,30
DA:3076,30
DA:3077,78
DA:3078,78
DA:3080,30
DA:3083,1
DA:3084,30
DA:3085,30
DA:3086,2
DA:3088,28
DA:3089,28
DA:3090,11
DA:3091,17
DA:3092,2
DA:3093,15
DA:3094,2
DA:3095,13
DA:3096,3
DA:3100,1
DA:3101,26
DA:3102,1
DA:3104,26
DA:3113,1
DA:3114,25
DA:3115,25
DA:3116,25
DA:3117,25
DA:3118,25
DA:3119,29
DA:3120,29
DA:3121,29
DA:3122,29
DA:3123,29
DA:3125,25
DA:3128,1
DA:3129,1
DA:3132,1
DA:3136,1
DA:3137,1
DA:3138,1
DA:3139,1
DA:3140,1
DA:3141,21
DA:3145,1
DA:3149,1
DA:3154,1
DA:3155,1
DA:3158,1
DA:3160,1
DA:3161,1
DA:3163,1
DA:3164,419
DA:3167,1
DA:3172,1
DA:3173,420
DA:3174,420
DA:3177,1
DA:3178,877
DA:3179,877
DA:3180,877
DA:3181,877
DA:3182,877
DA:3183,877
DA:3184,172
DA:3186,877
DA:3192,877
DA:3193,403
DA:3195,877
DA:3196,877
DA:3199,1
DA:3200,1754
DA:3201,1754
DA:3202,1754
DA:3203,801
DA:3204,801
DA:3211,953
DA:3212,953
DA:3221,1
DA:3222,1415
DA:3223,1415
DA:3224,1415
DA:3225,8
DA:3227,1415
DA:3235,1415
DA:3236,1415
DA:3237,1415
DA:3238,1415
DA:3239,1415
DA:3242,1
DA:3243,414
DA:3244,414
DA:3245,414
DA:3246,14
DA:3248,414
DA:3249,14
DA:3251,414
DA:3252,414
DA:3255,1
DA:3256,9
DA:3259,1
DA:3263,1
DA:3268,1
DA:3269,1
DA:3272,1
DA:3274,1
DA:3276,1
DA:3278,1
DA:3280,1
DA:3281,1
DA:3283,1
DA:3284,716
DA:3287,1
DA:3289,1
DA:3322,1
DA:3323,718
DA:3324,718
DA:3325,716
DA:3327,718
DA:3328,716
DA:3330,718
DA:3331,718
DA:3332,716
DA:3334,718
DA:3335,718
DA:3336,718
DA:3337,718
DA:3338,718
DA:3339,718
DA:3340,718
DA:3343,1
DA:3344,724
DA:3345,720
DA:3346,303
DA:3347,303
DA:3348,303
DA:3349,303
DA:3350,303
DA:3351,303
DA:3352,303
DA:3353,303
DA:3354,303
DA:3356,417
DA:3357,417
DA:3358,417
DA:3360,720
DA:3362,724
DA:3363,724
DA:3364,724
DA:3365,724
DA:3368,1
DA:3369,767
DA:3370,767
DA:3371,352
DA:3372,352
DA:3373,352
DA:3374,352
DA:3375,352
DA:3376,352
DA:3377,352
DA:3378,352
DA:3379,352
DA:3380,352
DA:3381,352
DA:3383,767
DA:3384,767
DA:3386,767
DA:3387,2
DA:3389,765
DA:3393,1
DA:3394,6757
DA:3395,6495
DA:3397,262
DA:3398,262
DA:3401,1
DA:3402,927
DA:3403,31
DA:3405,896
DA:3406,896
DA:3409,1
DA:3410,7055
DA:3427,7055
DA:3428,7055
DA:3431,1
DA:3432,7288
DA:3433,30
DA:3435,7258
DA:3436,7258
DA:3437,5936
DA:3438,5936
DA:3439,5936
DA:3440,329
DA:3445,1
DA:3446,226
DA:3449,1
DA:3450,5705
DA:3451,5705
DA:3452,5705
DA:3453,5705
DA:3456,1
DA:3457,31064
DA:3458,31064
DA:3459,1856
DA:3461,31064
DA:3462,2177
DA:3463,2177
DA:3465,28887
DA:3469,1
DA:3470,7054
DA:3473,1
DA:3474,1138
DA:3475,1138
DA:3476,2
DA:3478,1136
DA:3479,1136
DA:3480,1136
DA:3481,1136
DA:3482,1136
DA:3485,2
DA:3486,2
DA:3489,2
DA:3491,1136
DA:3492,1136
DA:3493,1136
DA:3496,1
DA:3497,1222
DA:3498,1222
DA:3501,1222
DA:3505,1222
DA:3509,1222
DA:3512,1
DA:3513,3670
DA:3514,1076
DA:3515,2594
DA:3516,497
DA:3518,2097
DA:3522,1
DA:3523,635
DA:3524,635
DA:3525,635
DA:3530,635
DA:3531,417
DA:3535,1
DA:3536,7276
DA:3537,6534
DA:3538,6534
DA:3539,73
DA:3542,7276
DA:3543,7276
DA:3544,7276
DA:3545,7276
DA:3546,7276
DA:3549,1
DA:3550,7275
DA:3551,7275
DA:3552,7275
DA:3553,7275
DA:3554,7275
DA:3555,6087
DA:3556,6087
DA:3557,6087
DA:3558,6087
DA:3559,6087
DA:3561,36
DA:3562,36
DA:3563,36
DA:3564,70
DA:3565,70
DA:3566,70
DA:3571,36
DA:3573,5562
DA:3575,119
DA:3576,119
DA:3578,370
DA:3579,370
DA:3580,370
DA:3581,370
DA:3582,370
DA:3586,7275
DA:3589,1
DA:3590,7275
DA:3599,1
DA:3600,1235
DA:3601,1235
DA:3602,716
DA:3604,1235
DA:3605,1235
DA:3606,1235
DA:3607,1235
DA:3608,1235
DA:3609,33295
DA:3610,33295
DA:3611,33295
DA:3612,7
DA:3614,33288
DA:3615,2293
DA:3616,2293
DA:3617,2293
DA:3619,30995
DA:3621,33288
DA:3622,31424
DA:3623,6557
DA:3624,2
DA:3627,31424
DA:3628,6555
DA:3629,2
DA:3632,31424
DA:3633,31424
DA:3634,172
DA:3635,161
DA:3637,172
DA:3638,166
DA:3641,31424
DA:3642,3891
DA:3644,31424
DA:3645,2238
DA:3646,2238
DA:3647,2238
DA:3649,536
DA:3650,536
DA:3652,1702
DA:3653,1702
DA:3654,1716
DA:3655,1716
DA:3658,2238
DA:3660,31424
DA:3662,1864
DA:3664,1235
DA:3667,1
DA:3668,33293
DA:3669,33293
DA:3670,33293
DA:3671,33293
DA:3674,1
DA:3675,1863
DA:3676,1863
DA:3677,33
DA:3679,1863
DA:3680,703
DA:3682,1160
DA:3683,1160
DA:3684,1158
DA:3686,1160
DA:3689,1
DA:3690,44
DA:3691,44
DA:3692,44
DA:3693,1096
DA:3694,1096
DA:3695,830
DA:3697,266
DA:3700,44
DA:3701,44
DA:3702,44
DA:3703,81
DA:3704,81
DA:3705,81
DA:3706,81
DA:3707,32
DA:3708,32
DA:3710,49
DA:3711,49
DA:3712,9
DA:3714,49
DA:3715,7
DA:3717,49
DA:3718,19
DA:3719,19
DA:3721,49
DA:3722,48
DA:3723,48
DA:3726,44
DA:3729,1
DA:3730,39
DA:3731,39
DA:3732,1
DA:3734,38
DA:3735,38
DA:3736,38
DA:3737,38
DA:3738,38
DA:3739,38
DA:3740,190
DA:3742,38
DA:3743,38
DA:3744,38
DA:3745,38
DA:3746,38
DA:3747,1225
DA:3749,38
DA:3750,23
DA:3751,23
DA:3753,38
DA:3754,18
DA:3755,18
DA:3757,38
DA:3758,23
DA:3760,38
DA:3761,38
DA:3764,38
DA:3767,1
DA:3768,23
DA:3769,23
DA:3770,23
DA:3773,1
DA:3774,726
DA:3775,726
DA:3776,726
DA:3777,726
DA:3779,726
DA:3780,160
DA:3781,160
DA:3782,160
DA:3786,726
DA:3787,726
DA:3790,1
DA:3791,726
DA:3798,726
DA:3799,5287
DA:3803,726
DA:3804,219
DA:3805,219
DA:3806,219
DA:3810,726
DA:3811,5
DA:3815,726
DA:3816,4
DA:3817,4
DA:3818,4
DA:3824,1
DA:3825,26
DA:3826,26
DA:3827,26
DA:3828,18
DA:3829,1
DA:3830,1
DA:3831,1
DA:3832,8
DA:3833,8
DA:3834,8
DA:3835,8
DA:3839,18
DA:3840,18
DA:3841,18
DA:3842,18
DA:3843,18
DA:3844,18
DA:3846,8
DA:3848,26
DA:3851,1
DA:3852,22
DA:3853,22
DA:3854,22
DA:3855,22
DA:3856,22
DA:3857,22
DA:3858,22
DA:3859,38
DA:3860,38
DA:3861,38
DA:3862,38
DA:3863,38
DA:3864,38
DA:3865,8
DA:3866,8
DA:3867,3
DA:3868,3
DA:3869,3
DA:3870,3
DA:3871,1
DA:3872,1
DA:3873,1
DA:3875,2
DA:3877,3
DA:3879,5
DA:3882,38
DA:3885,22
DA:3888,1
DA:3889,80
DA:3890,1
DA:3891,1
DA:3893,80
DA:3894,78
DA:3895,78
DA:3896,78
DA:3897,78
DA:3898,78
DA:3902,1
DA:3903,312
DA:3904,312
DA:3905,312
DA:3906,312
DA:3911,1
DA:3912,78
DA:3913,78
DA:3914,78
DA:3915,78
DA:3916,390
DA:3917,390
DA:3919,78
DA:3920,78
DA:3921,78
DA:3924,1
DA:3925,2
DA:3926,2
DA:3929,1
DA:3933,1
DA:3936,1
DA:3939,1
DA:3941,1
DA:3943,1
DA:3944,1
DA:3946,1
DA:3951,1
DA:3952,1054
DA:3953,1054
DA:3954,1054
DA:3955,1054
DA:3958,1
DA:3959,1054
DA:3960,1054
DA:3965,1054
DA:3966,1054
DA:3969,1
DA:3970,1448
DA:3971,1448
DA:3972,1448
DA:3973,1448
DA:3976,1
DA:3977,1453
DA:3978,1453
DA:3979,1453
DA:3980,1470
DA:3981,1470
DA:3982,5
DA:3984,1465
DA:3987,1453
DA:3990,1
DA:3991,1054
DA:3992,1054
DA:3993,1054
DA:3994,1054
DA:3995,2108
DA:3996,2108
DA:3998,1054
DA:4001,1
DA:4002,9
DA:4003,9
DA:4004,9
DA:4005,9
DA:4007,9
DA:4010,1
DA:4011,1544
DA:4012,28
DA:4014,1544
DA:4017,1544
DA:4018,1544
DA:4021,1
DA:4022,2
DA:4023,2
DA:4024,2
DA:4025,2
DA:4029,1
DA:4030,70
DA:4031,70
DA:4032,70
DA:4033,74
DA:4034,74
DA:4035,5
DA:4037,69
DA:4040,70
DA:4043,1
DA:4044,5
DA:4045,5
DA:4046,5
DA:4047,5
DA:4048,5
DA:4049,5
DA:4050,9
DA:4052,5
DA:4055,1
DA:4056,78
DA:4057,78
DA:4058,78
DA:4059,78
DA:4060,78
DA:4063,1
DA:4064,43
DA:4065,43
DA:4066,43
DA:4067,43
DA:4068,43
DA:4069,43
DA:4070,43
DA:4071,98
DA:4073,43
DA:4076,1
DA:4077,1642
DA:4078,1642
DA:4079,1642
DA:4080,1642
DA:4081,1642
DA:4082,1642
DA:4085,1
DA:4086,12552
DA:4087,1599
DA:4089,12552
DA:4090,12552
DA:4093,1
DA:4094,12561
DA:4095,12561
DA:4096,12561
DA:4097,12561
DA:4098,12561
DA:4099,12551
DA:4100,12551
DA:4101,12551
DA:4102,19093
DA:4103,12513
DA:4105,19093
DA:4108,12561
DA:4111,1
DA:4112,12552
DA:4113,12552
DA:4114,1649
DA:4116,10903
DA:4117,318
DA:4118,6
DA:4120,318
DA:4121,318
DA:4123,10903
DA:4124,10638
DA:4125,3
DA:4128,10903
DA:4129,7
DA:4130,1
DA:4133,10903
DA:4134,10903
DA:4135,256
DA:4136,4
DA:4138,256
DA:4139,166
DA:4141,256
DA:4142,256
DA:4143,256
DA:4147,1
DA:4148,447
DA:4149,447
DA:4150,447
DA:4153,1
DA:4154,2
DA:4155,2
DA:4156,2
DA:4159,1
DA:4160,4
DA:4161,4
DA:4162,4
DA:4163,4
DA:4166,1
DA:4167,2
DA:4168,2
DA:4171,1
DA:4172,5
DA:4173,5
DA:4176,1
DA:4177,490
DA:4178,490
DA:4181,1
DA:4182,489
DA:4183,489
DA:4184,489
DA:4185,489
DA:4186,489
DA:4187,1008
DA:4189,489
DA:4192,1
DA:4193,34
DA:4194,20
DA:4196,34
DA:4197,34
DA:4200,1
DA:4201,492
DA:4202,465
DA:4204,492
DA:4205,492
DA:4206,492
DA:4209,1
DA:4213,1
DA:4216,1
DA:4218,1
DA:4220,1
DA:4222,1
DA:4224,1
DA:4225,1
DA:4240,1
DA:4241,1179
DA:4242,1179
DA:4243,1179
DA:4244,1179
DA:4247,1
DA:4248,1179
DA:4249,1179
DA:4250,1179
DA:4251,1179
DA:4254,1
DA:4255,1335
DA:4256,1335
DA:4259,1
DA:4260,1179
DA:4261,1179
DA:4262,1179
DA:4263,1179
DA:4264,14148
DA:4265,14148
DA:4267,1179
DA:4268,1179
DA:4271,1
DA:4272,1042
DA:4273,1042
DA:4274,1042
DA:4275,58
DA:4277,1042
DA:4278,1042
DA:4279,1042
DA:4282,1
DA:4283,19140
DA:4284,19140
DA:4285,11381
DA:4286,11381
DA:4287,11381
DA:4288,407
DA:4289,45
DA:4291,407
DA:4293,11381
DA:4294,410
DA:4295,339
DA:4297,410
DA:4299,11381
DA:4300,11381
DA:4301,21
DA:4302,10
DA:4304,21
DA:4307,7759
DA:4308,342
DA:4310,7759
DA:4311,2957
DA:4313,7759
DA:4314,2957
DA:4317,19140
DA:4318,29
DA:4319,11
DA:4320,4
DA:4322,11
DA:4324,29
DA:4325,2
DA:4326,27
DA:4327,16
DA:4328,16
DA:4329,16
DA:4330,11
DA:4333,29
DA:4335,19140
DA:4336,19140
DA:4339,1
DA:4340,349
DA:4341,349
DA:4342,349
DA:4343,109
DA:4345,349
DA:4346,349
DA:4347,349
DA:4350,1
DA:4351,11381
DA:4352,11381
DA:4353,11381
DA:4354,11381
DA:4355,11381
DA:4356,11375
DA:4357,11375
DA:4358,11375
DA:4360,6
DA:4364,1
DA:4365,11748
DA:4366,11732
DA:4368,11748
DA:4369,11748
DA:4370,11748
DA:4371,11444
DA:4372,11312
DA:4375,11748
DA:4378,1
DA:4379,157
DA:4380,157
DA:4381,152
DA:4382,621
DA:4383,621
DA:4384,621
DA:4385,78
DA:4388,5
DA:4389,5
DA:4390,1
DA:4392,4
DA:4395,157
DA:4398,1
DA:4399,8
DA:4400,8
DA:4401,8
DA:4404,1
DA:4405,2
DA:4406,2
DA:4407,2
DA:4410,1
DA:4411,3
DA:4412,3
DA:4415,1
DA:4416,2
DA:4417,2
DA:4420,1
DA:4424,1
DA:4427,1
DA:4429,1
DA:4431,1
DA:4433,1
DA:4435,1
DA:4437,1
DA:4438,1
DA:4439,1
DA:4440,1
DA:4443,1
DA:4444,1
DA:4445,1
DA:4448,1
DA:4449,676
DA:4450,676
DA:4451,6
DA:4453,670
DA:4454,670
DA:4455,670
DA:4456,33
DA:4458,637
DA:4459,637
DA:4462,1
DA:4463,451
DA:4464,406
DA:4466,45
DA:4467,45
DA:4470,1
DA:4471,37
DA:4474,1
DA:4475,670
DA:4476,670
DA:4477,670
DA:4478,670
DA:4479,12468
DA:4480,236
DA:4482,12232
DA:4485,670
DA:4488,1
DA:4489,442
DA:4490,442
DA:4493,1
DA:4494,196
DA:4497,1
DA:4498,245
DA:4499,245
DA:4500,245
DA:4501,245
DA:4505,1
DA:4509,1
DA:4511,1
DA:4521,1
DA:4522,1
DA:4523,1
DA:4524,1
DA:4525,1
DA:4526,1
DA:4527,1
DA:4529,1
DA:4530,1
DA:4533,1
DA:4534,1
DA:4535,1
DA:4536,1
DA:4562,1
DA:4563,1
DA:4564,1
DA:4565,1
DA:4566,1
DA:4567,1
DA:4568,1
DA:4569,1
DA:4570,33
DA:4571,33
DA:4572,1
DA:4574,33
DA:4575,33
DA:4576,33
DA:4577,33
DA:4578,33
DA:4579,33
DA:4580,6
DA:4581,6
DA:4582,6
DA:4583,6
DA:4588,6
DA:4590,33
DA:4591,33
DA:4592,1
DA:4593,1
DA:4596,33
DA:4597,33
DA:4598,33
DA:4599,33
DA:4600,6
DA:4601,6
DA:4602,6
DA:4604,33
DA:4605,33
DA:4606,1
DA:4607,1
DA:4612,1
DA:4616,1
DA:4617,6
DA:4618,6
DA:4619,6
DA:4620,6
DA:4621,6
DA:4622,6
DA:4623,6
DA:4624,6
DA:4625,6
DA:4626,6
DA:4627,6
DA:4628,6
DA:4629,6
DA:4630,6
DA:4631,6
DA:4632,6
DA:4633,6
DA:4634,1
DA:4636,6
DA:4637,6
DA:4638,6
DA:4639,1
DA:4643,6
DA:4645,1
DA:4647,6
DA:4650,1
DA:4651,1
DA:4652,1
DA:4653,1
DA:4654,1
DA:4655,1
DA:4656,1
DA:4657,1
DA:4658,1
DA:4659,1
DA:4660,1
DA:4661,1
DA:4662,1
DA:4668,1
DA:4669,1
DA:4670,1
DA:4671,1
DA:4672,1
DA:4673,1
DA:4674,1
DA:4675,1
DA:4676,1
DA:4678,1
DA:4682,1
DA:4683,1
DA:4684,1
DA:4685,1
DA:4686,1
DA:4687,1
DA:4688,1
DA:4689,1
DA:4690,1
DA:4691,1
DA:4692,1
DA:4693,1
DA:4695,1
DA:4696,1
DA:4697,1
DA:4698,1
DA:4699,1
DA:4700,1
DA:4701,1
DA:4703,1
DA:4704,1
DA:4705,1
DA:4706,1
DA:4710,1
DA:4713,1
DA:4716,1
DA:4717,1
DA:4718,1
DA:4720,1
DA:4721,1
DA:4723,1
DA:4724,1
DA:4726,1
LF:2701
LH:2701
BRDA:2,1,0,0
BRDA:2,1,1,1
BRDA:2,2,0,1
BRDA:2,2,1,0
BRDA:2,3,0,0
BRDA:2,3,1,1
BRDA:2,4,0,1
BRDA:2,4,1,0
BRDA:2,5,0,1
BRDA:2,5,1,0
BRDA:2,6,0,0
BRDA:2,6,1,0
BRDA:2,7,0,0
BRDA:2,7,1,0
BRDA:3,8,0,27
BRDA:3,8,1,45
BRDA:3,9,0,0
BRDA:3,9,1,27
BRDA:3,10,0,0
BRDA:3,10,1,0
BRDA:3,11,0,0
BRDA:3,11,1,0
BRDA:3,12,0,0
BRDA:3,12,1,0
BRDA:3,13,0,0
BRDA:3,13,1,0
BRDA:3,14,0,70
BRDA:3,14,1,0
BRDA:3,15,0,1
BRDA:3,15,1,0
BRDA:7,16,0,1
BRDA:7,16,1,0
BRDA:101,17,0,11
BRDA:101,17,1,8
BRDA:101,18,0,19
BRDA:101,18,1,11
BRDA:102,19,0,2
BRDA:102,19,1,9
BRDA:102,20,0,11
BRDA:102,20,1,9
BRDA:102,21,0,6
BRDA:102,21,1,3
BRDA:106,22,0,11
BRDA:106,22,1,5
BRDA:107,23,0,9
BRDA:107,23,1,2
BRDA:117,24,0,40
BRDA:117,24,1,15
BRDA:117,25,0,55
BRDA:117,25,1,40
BRDA:117,26,0,30
BRDA:117,26,1,25
BRDA:119,27,0,10
BRDA:119,27,1,5
BRDA:126,28,0,2
BRDA:126,28,1,17
BRDA:126,29,0,19
BRDA:126,29,1,18
BRDA:130,30,0,10
BRDA:130,30,1,5
BRDA:133,31,0,10
BRDA:133,31,1,5
BRDA:145,32,0,480
BRDA:145,32,1,0
BRDA:145,33,0,396
BRDA:145,33,1,0
BRDA:150,34,0,396
BRDA:150,34,1,26
BRDA:151,35,0,396
BRDA:151,35,1,15
BRDA:160,36,0,84
BRDA:160,36,1,1
BRDA:160,37,0,1
BRDA:160,37,1,1
BRDA:166,38,0,401
BRDA:166,38,1,375
BRDA:171,39,0,396
BRDA:171,39,1,5
BRDA:182,40,0,416
BRDA:182,40,1,1
BRDA:182,41,0,1
BRDA:182,41,1,1
BRDA:185,42,0,417
BRDA:185,42,1,391
BRDA:186,43,0,402
BRDA:186,43,1,15
BRDA:214,44,0,833
BRDA:214,44,1,1582
BRDA:216,45,0,184
BRDA:216,45,1,1398
BRDA:224,46,0,130
BRDA:224,46,1,674
BRDA:237,47,0,234
BRDA:237,47,1,150
BRDA:237,47,2,139
BRDA:262,48,0,91
BRDA:262,48,1,315
BRDA:285,49,0,3768
BRDA:285,49,1,8478
BRDA:286,50,0,3671
BRDA:286,50,1,97
BRDA:295,51,0,8365
BRDA:295,51,1,113
BRDA:302,52,0,8264
BRDA:302,52,1,214
BRDA:315,53,0,25094
BRDA:315,53,1,7462
BRDA:315,54,0,32556
BRDA:315,54,1,7469
BRDA:316,55,0,196
BRDA:316,55,1,32360
BRDA:326,56,0,0
BRDA:326,56,1,28
BRDA:326,57,0,0
BRDA:326,57,1,28
BRDA:327,58,0,23
BRDA:327,58,1,5
BRDA:333,59,0,0
BRDA:333,59,1,16
BRDA:333,60,0,0
BRDA:333,60,1,16
BRDA:334,61,0,11
BRDA:334,61,1,5
BRDA:352,62,0,1
BRDA:352,62,1,0
BRDA:353,63,0,0
BRDA:353,63,1,0
BRDA:353,64,0,0
BRDA:353,64,1,0
BRDA:375,65,0,5
BRDA:375,65,1,3423
BRDA:380,66,0,4
BRDA:380,66,1,13688
BRDA:380,67,0,13692
BRDA:380,67,1,13691
BRDA:380,67,2,13690
BRDA:384,68,0,6
BRDA:384,68,1,3413
BRDA:384,69,0,3419
BRDA:384,69,1,3417
BRDA:384,69,2,3416
BRDA:384,69,3,3415
BRDA:416,70,0,0
BRDA:416,70,1,9988
BRDA:442,71,0,0
BRDA:442,71,1,0
BRDA:448,72,0,0
BRDA:448,72,1,0
BRDA:448,73,0,0
BRDA:448,73,1,0
BRDA:459,74,0,13662
BRDA:459,74,1,13323
BRDA:468,75,0,2497
BRDA:468,75,1,0
BRDA:473,76,0,0
BRDA:473,76,1,0
BRDA:483,77,0,4507
BRDA:483,77,1,404
BRDA:483,78,0,4911
BRDA:483,78,1,404
BRDA:487,79,0,3413
BRDA:487,79,1,0
BRDA:490,80,0,4911
BRDA:490,80,1,0
BRDA:493,81,0,404
BRDA:493,81,1,4507
BRDA:493,82,0,4911
BRDA:493,82,1,404
BRDA:496,83,0,1006
BRDA:496,83,1,3501
BRDA:499,84,0,1004
BRDA:499,84,1,2497
BRDA:523,85,0,0
BRDA:523,85,1,1
BRDA:523,86,0,1
BRDA:523,86,1,0
BRDA:523,87,0,0
BRDA:523,87,1,0
BRDA:568,88,0,1
BRDA:568,88,1,1
BRDA:583,89,0,1
BRDA:583,89,1,1
BRDA:598,90,0,1
BRDA:598,90,1,1
BRDA:613,91,0,1
BRDA:613,91,1,1
BRDA:634,92,0,1
BRDA:634,92,1,1
BRDA:641,93,0,1
BRDA:641,93,1,1
BRDA:648,94,0,1
BRDA:648,94,1,3
BRDA:651,95,0,1
BRDA:651,95,1,2
BRDA:654,96,0,1
BRDA:654,96,1,1
BRDA:669,97,0,1
BRDA:669,97,1,1
BRDA:690,98,0,13
BRDA:690,98,1,16
BRDA:702,99,0,1
BRDA:702,99,1,3
BRDA:705,100,0,1
BRDA:705,100,1,2
BRDA:716,101,0,1
BRDA:716,101,1,29
BRDA:719,102,0,2
BRDA:719,102,1,27
BRDA:730,103,0,1
BRDA:730,103,1,30
BRDA:733,104,0,2
BRDA:733,104,1,28
BRDA:738,105,0,13
BRDA:738,105,1,15
BRDA:750,106,0,3
BRDA:750,106,1,6
BRDA:752,107,0,3
BRDA:752,107,1,3
BRDA:754,108,0,2
BRDA:754,108,1,1
BRDA:761,109,0,1
BRDA:761,109,1,1
BRDA:771,110,0,1262
BRDA:771,110,1,9
BRDA:772,111,0,2
BRDA:772,111,1,1260
BRDA:779,112,0,3
BRDA:779,112,1,6
BRDA:782,113,0,6
BRDA:782,113,1,0
BRDA:789,114,0,1
BRDA:789,114,1,1270
BRDA:792,115,0,1266
BRDA:792,115,1,4
BRDA:792,116,0,1270
BRDA:792,116,1,1268
BRDA:794,117,0,1266
BRDA:794,117,1,0
BRDA:795,118,0,1266
BRDA:795,118,1,4
BRDA:819,119,0,4
BRDA:819,119,1,6
BRDA:831,120,0,3
BRDA:831,120,1,0
BRDA:832,121,0,3
BRDA:832,121,1,3
BRDA:842,122,0,7
BRDA:842,122,1,3
BRDA:851,123,0,7
BRDA:851,123,1,0
BRDA:852,124,0,3
BRDA:852,124,1,4
BRDA:860,125,0,8
BRDA:860,125,1,0
BRDA:862,126,0,1
BRDA:862,126,1,7
BRDA:862,127,0,8
BRDA:862,127,1,5
BRDA:865,128,0,4
BRDA:865,128,1,3
BRDA:888,129,0,36
BRDA:888,129,1,29
BRDA:890,130,0,36
BRDA:890,130,1,35
BRDA:891,131,0,36
BRDA:891,131,1,35
BRDA:892,132,0,36
BRDA:892,132,1,32
BRDA:897,133,0,11
BRDA:897,133,1,40
BRDA:898,134,0,13
BRDA:898,134,1,38
BRDA:902,135,0,2
BRDA:902,135,1,36
BRDA:918,136,0,26532
BRDA:918,136,1,0
BRDA:918,137,0,26496
BRDA:918,137,1,0
BRDA:933,138,0,1
BRDA:933,138,1,1033
BRDA:936,139,0,15
BRDA:936,139,1,1018
BRDA:940,140,0,1017
BRDA:940,140,1,16
BRDA:947,141,0,16
BRDA:947,141,1,1017
BRDA:954,142,0,1263
BRDA:954,142,1,2332
BRDA:954,143,0,1248
BRDA:954,143,1,1314
BRDA:958,144,0,1395
BRDA:958,144,1,1262
BRDA:963,145,0,2562
BRDA:963,145,1,95
BRDA:983,146,0,24
BRDA:983,146,1,1
BRDA:993,147,0,24
BRDA:993,147,1,3
BRDA:1000,148,0,24
BRDA:1000,148,1,6
BRDA:1014,149,0,2
BRDA:1014,149,1,5
BRDA:1020,150,0,1
BRDA:1020,150,1,6
BRDA:1023,151,0,2
BRDA:1023,151,1,4
BRDA:1030,152,0,4
BRDA:1030,152,1,0
BRDA:1048,153,0,39
BRDA:1048,153,1,39
BRDA:1057,154,0,39
BRDA:1057,154,1,50
BRDA:1065,155,0,39
BRDA:1065,155,1,41
BRDA:1074,156,0,59
BRDA:1074,156,1,21
BRDA:1079,157,0,59
BRDA:1079,157,1,46
BRDA:1088,158,0,1
BRDA:1088,158,1,82
BRDA:1203,159,0,1
BRDA:1203,159,1,0
BRDA:1203,159,2,0
BRDA:1204,160,0,1
BRDA:1204,160,1,1
BRDA:1205,161,0,1
BRDA:1205,161,1,0
BRDA:1205,161,2,0
BRDA:1219,162,0,2
BRDA:1219,162,1,20335
BRDA:1220,163,0,1
BRDA:1220,163,1,1
BRDA:1234,164,0,13609
BRDA:1234,164,1,6790
BRDA:1249,165,0,8
BRDA:1249,165,1,682
BRDA:1251,166,0,35
BRDA:1251,166,1,647
BRDA:1261,167,0,5003
BRDA:1261,167,1,3
BRDA:1267,168,0,1
BRDA:1267,168,1,5
BRDA:1291,169,0,1
BRDA:1291,169,1,2
BRDA:1298,170,0,1
BRDA:1298,170,1,54
BRDA:1305,171,0,1
BRDA:1305,171,1,16
BRDA:1313,172,0,5267
BRDA:1313,172,1,2694
BRDA:1320,173,0,2693
BRDA:1320,173,1,1
BRDA:1322,174,0,112
BRDA:1322,174,1,2581
BRDA:1324,175,0,2581
BRDA:1324,175,1,112
BRDA:1353,176,0,2
BRDA:1353,176,1,2326
BRDA:1356,177,0,3
BRDA:1356,177,1,2325
BRDA:1356,178,0,2328
BRDA:1356,178,1,2326
BRDA:1356,178,2,2326
BRDA:1360,179,0,136
BRDA:1360,179,1,2189
BRDA:1361,180,0,126
BRDA:1361,180,1,2199
BRDA:1372,181,0,1
BRDA:1372,181,1,0
BRDA:1372,181,2,0
BRDA:1385,182,0,1
BRDA:1385,182,1,25
BRDA:1385,183,0,26
BRDA:1385,183,1,1
BRDA:1415,184,0,4
BRDA:1415,184,1,9
BRDA:1418,185,0,9
BRDA:1418,185,1,0
BRDA:1418,186,0,5
BRDA:1418,186,1,0
BRDA:1422,187,0,2
BRDA:1422,187,1,7
BRDA:1425,188,0,4
BRDA:1425,188,1,0
BRDA:1425,189,0,2
BRDA:1425,189,1,0
BRDA:1435,190,0,6
BRDA:1435,190,1,20
BRDA:1438,191,0,6
BRDA:1438,191,1,0
BRDA:1439,192,0,1
BRDA:1439,192,1,5
BRDA:1440,193,0,1
BRDA:1440,193,1,5
BRDA:1441,194,0,1
BRDA:1441,194,1,5
BRDA:1450,195,0,20
BRDA:1450,195,1,6
BRDA:1451,196,0,20
BRDA:1451,196,1,7
BRDA:1451,196,2,7
BRDA:1452,197,0,7
BRDA:1452,197,1,13
BRDA:1455,198,0,13
BRDA:1455,198,1,7
BRDA:1456,199,0,3
BRDA:1456,199,1,10
BRDA:1456,200,0,0
BRDA:1456,200,1,3
BRDA:1456,201,0,3
BRDA:1456,201,1,3
BRDA:1456,201,2,3
BRDA:1462,202,0,20
BRDA:1462,202,1,13
BRDA:1463,203,0,20
BRDA:1463,203,1,0
BRDA:1468,204,0,20
BRDA:1468,204,1,0
BRDA:1468,205,0,20
BRDA:1468,205,1,20
BRDA:1480,206,0,1
BRDA:1480,206,1,2
BRDA:1491,207,0,4
BRDA:1491,207,1,20
BRDA:1491,208,0,24
BRDA:1491,208,1,24
BRDA:1502,209,0,7
BRDA:1502,209,1,10
BRDA:1506,210,0,3
BRDA:1506,210,1,14
BRDA:1506,211,0,4
BRDA:1506,211,1,10
BRDA:1507,212,0,7
BRDA:1507,212,1,10
BRDA:1515,213,0,88
BRDA:1515,213,1,4
BRDA:1515,214,0,92
BRDA:1515,214,1,65
BRDA:1523,215,0,20
BRDA:1523,215,1,6531
BRDA:1523,216,0,6551
BRDA:1523,216,1,2038
BRDA:1537,217,0,13
BRDA:1537,217,1,1967
BRDA:1537,218,0,1980
BRDA:1537,218,1,18
BRDA:1538,219,0,3
BRDA:1538,219,1,10
BRDA:1555,220,0,10
BRDA:1555,220,1,1957
BRDA:1555,221,0,1967
BRDA:1555,221,1,1960
BRDA:1571,222,0,1955
BRDA:1571,222,1,2
BRDA:1572,223,0,818
BRDA:1572,223,1,1137
BRDA:1598,224,0,4
BRDA:1598,224,1,830
BRDA:1598,225,0,834
BRDA:1598,225,1,812
BRDA:1601,226,0,10
BRDA:1601,226,1,820
BRDA:1601,227,0,830
BRDA:1601,227,1,22
BRDA:1604,228,0,12
BRDA:1604,228,1,808
BRDA:1604,229,0,820
BRDA:1604,229,1,12
BRDA:1605,230,0,5
BRDA:1605,230,1,7
BRDA:1619,231,0,1
BRDA:1619,231,1,1872
BRDA:1622,232,0,1872
BRDA:1622,232,1,3
BRDA:1623,233,0,1872
BRDA:1623,233,1,1871
BRDA:1632,234,0,6
BRDA:1632,234,1,1
BRDA:1643,235,0,8
BRDA:1643,235,1,6
BRDA:1643,235,2,4
BRDA:1644,236,0,8
BRDA:1644,236,1,8
BRDA:1644,236,2,6
BRDA:1645,237,0,6
BRDA:1645,237,1,2
BRDA:1645,238,0,8
BRDA:1645,238,1,5
BRDA:1660,239,0,208
BRDA:1660,239,1,17
BRDA:1661,240,0,202
BRDA:1661,240,1,6
BRDA:1669,241,0,7
BRDA:1669,241,1,10
BRDA:1684,242,0,3
BRDA:1684,242,1,0
BRDA:1731,243,0,0
BRDA:1731,243,1,1
BRDA:1731,244,0,1
BRDA:1731,244,1,0
BRDA:1740,245,0,1
BRDA:1740,245,1,0
BRDA:1740,246,0,1
BRDA:1740,246,1,1
BRDA:1747,247,0,1
BRDA:1747,247,1,0
BRDA:1747,248,0,1
BRDA:1747,248,1,1
BRDA:1791,249,0,155
BRDA:1791,249,1,0
BRDA:1793,250,0,8
BRDA:1793,250,1,147
BRDA:1805,251,0,155
BRDA:1805,251,1,155
BRDA:1806,252,0,155
BRDA:1806,252,1,0
BRDA:1825,253,0,10
BRDA:1825,253,1,4
BRDA:1829,254,0,11
BRDA:1829,254,1,3
BRDA:1839,255,0,11
BRDA:1839,255,1,3
BRDA:1864,256,0,3
BRDA:1864,256,1,173
BRDA:1869,257,0,173
BRDA:1869,257,1,19
BRDA:1871,258,0,5
BRDA:1871,258,1,168
BRDA:1879,259,0,6
BRDA:1879,259,1,162
BRDA:1881,260,0,6
BRDA:1881,260,1,4
BRDA:1883,261,0,6
BRDA:1883,261,1,0
BRDA:1912,262,0,11
BRDA:1912,262,1,168
BRDA:1915,263,0,163
BRDA:1915,263,1,5
BRDA:1918,264,0,5
BRDA:1918,264,1,0
BRDA:1927,265,0,172
BRDA:1927,265,1,10
BRDA:1930,266,0,10
BRDA:1930,266,1,0
BRDA:1930,267,0,10
BRDA:1930,267,1,2
BRDA:1937,268,0,10
BRDA:1937,268,1,2
BRDA:1938,269,0,10
BRDA:1938,269,1,2
BRDA:1941,270,0,10
BRDA:1941,270,1,6
BRDA:1942,271,0,10
BRDA:1942,271,1,2
BRDA:1951,272,0,7
BRDA:1951,272,1,0
BRDA:1952,273,0,7
BRDA:1952,273,1,0
BRDA:1958,274,0,7
BRDA:1958,274,1,0
BRDA:1959,275,0,7
BRDA:1959,275,1,0
BRDA:1960,276,0,5
BRDA:1960,276,1,1
BRDA:1960,276,2,1
BRDA:1975,277,0,8
BRDA:1975,277,1,1
BRDA:1980,278,0,8
BRDA:1980,278,1,5
BRDA:1985,279,0,4
BRDA:1985,279,1,2
BRDA:1989,280,0,9
BRDA:1989,280,1,3
BRDA:1989,281,0,12
BRDA:1989,281,1,9
BRDA:2011,282,0,2
BRDA:2011,282,1,65
BRDA:2017,283,0,71
BRDA:2017,283,1,1
BRDA:2027,284,0,17
BRDA:2027,284,1,54
BRDA:2037,285,0,2
BRDA:2037,285,1,2
BRDA:2043,286,0,147
BRDA:2043,286,1,65
BRDA:2044,287,0,147
BRDA:2044,287,1,132
BRDA:2051,288,0,71
BRDA:2051,288,1,0
BRDA:2058,289,0,4647
BRDA:2058,289,1,6
BRDA:2065,290,0,4653
BRDA:2065,290,1,33
BRDA:2070,291,0,44
BRDA:2070,291,1,4606
BRDA:2071,292,0,4650
BRDA:2071,292,1,4648
BRDA:2072,293,0,4648
BRDA:2072,293,1,2
BRDA:2089,294,0,68
BRDA:2089,294,1,4585
BRDA:2089,295,0,4653
BRDA:2089,295,1,4614
BRDA:2089,295,2,4597
BRDA:2094,296,0,68
BRDA:2094,296,1,11
BRDA:2096,297,0,40
BRDA:2096,297,1,28
BRDA:2097,298,0,40
BRDA:2097,298,1,28
BRDA:2108,299,0,155
BRDA:2108,299,1,4498
BRDA:2113,300,0,4518
BRDA:2113,300,1,135
BRDA:2114,301,0,702
BRDA:2114,301,1,3816
BRDA:2120,302,0,2
BRDA:2120,302,1,4651
BRDA:2123,303,0,4650
BRDA:2123,303,1,1
BRDA:2133,304,0,17
BRDA:2133,304,1,4636
BRDA:2135,305,0,5
BRDA:2135,305,1,12
BRDA:2145,306,0,19
BRDA:2145,306,1,13
BRDA:2145,307,0,32
BRDA:2145,307,1,13
BRDA:2151,308,0,13
BRDA:2151,308,1,0
BRDA:2154,309,0,13
BRDA:2154,309,1,0
BRDA:2180,310,0,34
BRDA:2180,310,1,0
BRDA:2213,311,0,192
BRDA:2213,311,1,84
BRDA:2213,312,0,276
BRDA:2213,312,1,240
BRDA:2213,312,2,96
BRDA:2214,313,0,172
BRDA:2214,313,1,20
BRDA:2218,314,0,80
BRDA:2218,314,1,4
BRDA:2222,315,0,60
BRDA:2222,315,1,216
BRDA:2223,316,0,48
BRDA:2223,316,1,12
BRDA:2223,317,0,12
BRDA:2223,317,1,0
BRDA:2236,318,0,0
BRDA:2236,318,1,14
BRDA:2242,319,0,0
BRDA:2242,319,1,4
BRDA:2264,320,0,8
BRDA:2264,320,1,44
BRDA:2265,321,0,31
BRDA:2265,321,1,21
BRDA:2283,322,0,1
BRDA:2283,322,1,0
BRDA:2286,323,0,1
BRDA:2286,323,1,0
BRDA:2289,324,0,1
BRDA:2289,324,1,0
BRDA:2290,325,0,0
BRDA:2290,325,1,1
BRDA:2290,326,0,1
BRDA:2290,326,1,0
BRDA:2290,327,0,0
BRDA:2290,327,1,1
BRDA:2306,328,0,3
BRDA:2306,328,1,2
BRDA:2310,329,0,2
BRDA:2310,329,1,2
BRDA:2313,330,0,1
BRDA:2313,330,1,0
BRDA:2314,331,0,1
BRDA:2314,331,1,0
BRDA:2314,332,0,1
BRDA:2314,332,1,1
BRDA:2359,333,0,1393
BRDA:2359,333,1,51
BRDA:2371,334,0,722
BRDA:2371,334,1,6
BRDA:2371,335,0,728
BRDA:2371,335,1,723
BRDA:2373,336,0,2
BRDA:2373,336,1,4
BRDA:2390,337,0,728
BRDA:2390,337,1,1
BRDA:2397,338,0,103
BRDA:2397,338,1,10832
BRDA:2404,339,0,39
BRDA:2404,339,1,1
BRDA:2407,340,0,39
BRDA:2407,340,1,39
BRDA:2422,341,0,7069
BRDA:2422,341,1,6
BRDA:2436,342,0,6
BRDA:2436,342,1,724
BRDA:2440,343,0,724
BRDA:2440,343,1,0
BRDA:2441,344,0,724
BRDA:2441,344,1,89
BRDA:2454,345,0,7149
BRDA:2454,345,1,14298
BRDA:2466,346,0,14109
BRDA:2466,346,1,193
BRDA:2471,347,0,4
BRDA:2471,347,1,14148
BRDA:2474,348,0,12008
BRDA:2474,348,1,2101
BRDA:2477,349,0,4
BRDA:2477,349,1,189
BRDA:2478,350,0,2
BRDA:2478,350,1,2
BRDA:2479,351,0,1
BRDA:2479,351,1,3
BRDA:2489,352,0,7073
BRDA:2489,352,1,64345
BRDA:2500,353,0,4
BRDA:2500,353,1,64341
BRDA:2508,354,0,20334
BRDA:2508,354,1,72301
BRDA:2515,355,0,59
BRDA:2515,355,1,92579
BRDA:2523,356,0,10
BRDA:2523,356,1,6013
BRDA:2523,357,0,6023
BRDA:2523,357,1,11
BRDA:2523,358,0,6023
BRDA:2523,358,1,0
BRDA:2526,359,0,2645
BRDA:2526,359,1,3368
BRDA:2574,360,0,637
BRDA:2574,360,1,1
BRDA:2587,361,0,0
BRDA:2587,361,1,0
BRDA:2603,362,0,38
BRDA:2603,362,1,999
BRDA:2604,363,0,39
BRDA:2604,363,1,998
BRDA:2616,364,0,39
BRDA:2616,364,1,999
BRDA:2617,365,0,40
BRDA:2617,365,1,998
BRDA:2631,366,0,0
BRDA:2631,366,1,0
BRDA:2648,367,0,2
BRDA:2648,367,1,6
BRDA:2649,368,0,2
BRDA:2649,368,1,6
BRDA:2664,369,0,3
BRDA:2664,369,1,6
BRDA:2665,370,0,3
BRDA:2665,370,1,6
BRDA:2679,371,0,0
BRDA:2679,371,1,0
BRDA:2698,372,0,1
BRDA:2698,372,1,6
BRDA:2701,373,0,1
BRDA:2701,373,1,5
BRDA:2702,374,0,1
BRDA:2702,374,1,5
BRDA:2708,375,0,24
BRDA:2708,375,1,0
BRDA:2708,376,0,18
BRDA:2708,376,1,0
BRDA:2718,377,0,2
BRDA:2718,377,1,7
BRDA:2731,378,0,0
BRDA:2731,378,1,0
BRDA:2745,379,0,2645
BRDA:2745,379,1,3324
BRDA:2765,380,0,0
BRDA:2765,380,1,0
BRDA:2790,381,0,92
BRDA:2790,381,1,0
BRDA:2790,382,0,75
BRDA:2790,382,1,0
BRDA:2806,383,0,17
BRDA:2806,383,1,58
BRDA:2828,384,0,0
BRDA:2828,384,1,0
BRDA:2847,385,0,32
BRDA:2847,385,1,34
BRDA:2848,386,0,32
BRDA:2848,386,1,34
BRDA:2859,387,0,33
BRDA:2859,387,1,34
BRDA:2860,388,0,33
BRDA:2860,388,1,34
BRDA:2874,389,0,0
BRDA:2874,389,1,0
BRDA:2892,390,0,1
BRDA:2892,390,1,7
BRDA:2895,391,0,1
BRDA:2895,391,1,6
BRDA:2896,392,0,1
BRDA:2896,392,1,6
BRDA:2903,393,0,0
BRDA:2903,393,1,28
BRDA:2903,394,0,0
BRDA:2903,394,1,21
BRDA:2908,395,0,7
BRDA:2908,395,1,14
BRDA:2947,396,0,21
BRDA:2947,396,1,1
BRDA:2948,397,0,1
BRDA:2948,397,1,21
BRDA:2954,398,0,12
BRDA:2954,398,1,9
BRDA:2957,399,0,6
BRDA:2957,399,1,15
BRDA:2999,400,0,1
BRDA:2999,400,1,11
BRDA:3005,401,0,1
BRDA:3005,401,1,9
BRDA:3016,402,0,21
BRDA:3016,402,1,11
BRDA:3030,403,0,22
BRDA:3030,403,1,277
BRDA:3031,404,0,12
BRDA:3031,404,1,10
BRDA:3034,405,0,1
BRDA:3034,405,1,21
BRDA:3034,406,0,22
BRDA:3034,406,1,6
BRDA:3035,407,0,17
BRDA:3035,407,1,5
BRDA:3040,408,0,2
BRDA:3040,408,1,297
BRDA:3066,409,0,4
BRDA:3066,409,1,86
BRDA:3069,410,0,35
BRDA:3069,410,1,55
BRDA:3085,411,0,2
BRDA:3085,411,1,28
BRDA:3089,412,0,11
BRDA:3089,412,1,17
BRDA:3091,413,0,2
BRDA:3091,413,1,15
BRDA:3093,414,0,2
BRDA:3093,414,1,13
BRDA:3095,415,0,3
BRDA:3095,415,1,10
BRDA:3101,416,0,1
BRDA:3101,416,1,25
BRDA:3115,417,0,25
BRDA:3115,417,1,24
BRDA:3118,418,0,44
BRDA:3118,418,1,10
BRDA:3118,419,0,29
BRDA:3118,419,1,0
BRDA:3155,420,0,1
BRDA:3155,420,1,0
BRDA:3174,421,0,420
BRDA:3174,421,1,412
BRDA:3182,422,0,877
BRDA:3182,422,1,433
BRDA:3183,423,0,172
BRDA:3183,423,1,705
BRDA:3192,424,0,403
BRDA:3192,424,1,474
BRDA:3195,425,0,877
BRDA:3195,425,1,824
BRDA:3202,426,0,801
BRDA:3202,426,1,953
BRDA:3202,427,0,1754
BRDA:3202,427,1,941
BRDA:3211,428,0,953
BRDA:3211,428,1,813
BRDA:3224,429,0,8
BRDA:3224,429,1,1407
BRDA:3237,430,0,1033
BRDA:3237,430,1,382
BRDA:3238,431,0,1033
BRDA:3238,431,1,382
BRDA:3244,432,0,222
BRDA:3244,432,1,192
BRDA:3245,433,0,14
BRDA:3245,433,1,400
BRDA:3248,434,0,14
BRDA:3248,434,1,400
BRDA:3269,435,0,0
BRDA:3269,435,1,0
BRDA:3324,436,0,716
BRDA:3324,436,1,2
BRDA:3327,437,0,716
BRDA:3327,437,1,2
BRDA:3330,438,0,718
BRDA:3330,438,1,405
BRDA:3331,439,0,716
BRDA:3331,439,1,2
BRDA:3344,440,0,720
BRDA:3344,440,1,4
BRDA:3345,441,0,303
BRDA:3345,441,1,417
BRDA:3345,442,0,720
BRDA:3345,442,1,305
BRDA:3354,443,0,303
BRDA:3354,443,1,302
BRDA:3370,444,0,352
BRDA:3370,444,1,415
BRDA:3383,445,0,767
BRDA:3383,445,1,0
BRDA:3386,446,0,2
BRDA:3386,446,1,765
BRDA:3394,447,0,6495
BRDA:3394,447,1,262
BRDA:3394,448,0,6757
BRDA:3394,448,1,292
BRDA:3402,449,0,31
BRDA:3402,449,1,896
BRDA:3402,450,0,927
BRDA:3402,450,1,896
BRDA:3432,451,0,30
BRDA:3432,451,1,7258
BRDA:3435,452,0,7258
BRDA:3435,452,1,718
BRDA:3436,453,0,5936
BRDA:3436,453,1,1322
BRDA:3437,454,0,5936
BRDA:3437,454,1,500
BRDA:3438,455,0,5936
BRDA:3438,455,1,407
BRDA:3439,456,0,329
BRDA:3439,456,1,5607
BRDA:3453,457,0,5705
BRDA:3453,457,1,5478
BRDA:3458,458,0,1856
BRDA:3458,458,1,29208
BRDA:3461,459,0,2177
BRDA:3461,459,1,28887
BRDA:3475,460,0,2
BRDA:3475,460,1,1136
BRDA:3480,461,0,30
BRDA:3480,461,1,1106
BRDA:3482,462,0,1
BRDA:3482,462,1,2
BRDA:3482,462,2,1
BRDA:3482,462,3,2
BRDA:3482,463,0,1136
BRDA:3482,463,1,0
BRDA:3513,464,0,1076
BRDA:3513,464,1,2594
BRDA:3515,465,0,497
BRDA:3515,465,1,2097
BRDA:3518,466,0,2097
BRDA:3518,466,1,2
BRDA:3524,467,0,635
BRDA:3524,467,1,234
BRDA:3530,468,0,417
BRDA:3530,468,1,218
BRDA:3530,469,0,635
BRDA:3530,469,1,220
BRDA:3536,470,0,6534
BRDA:3536,470,1,742
BRDA:3538,471,0,73
BRDA:3538,471,1,6461
BRDA:3542,472,0,766
BRDA:3542,472,1,6510
BRDA:3542,473,0,7276
BRDA:3542,473,1,7259
BRDA:3542,474,0,47
BRDA:3542,474,1,6463
BRDA:3559,475,0,36
BRDA:3559,475,1,5562
BRDA:3559,475,2,119
BRDA:3559,475,3,370
BRDA:3590,476,0,1320
BRDA:3590,476,1,5955
BRDA:3601,477,0,716
BRDA:3601,477,1,519
BRDA:3604,478,0,1235
BRDA:3604,478,1,1122
BRDA:3605,479,0,1235
BRDA:3605,479,1,1122
BRDA:3611,480,0,7
BRDA:3611,480,1,33288
BRDA:3611,481,0,1974
BRDA:3611,481,1,31321
BRDA:3614,482,0,2293
BRDA:3614,482,1,30995
BRDA:3619,483,0,13965
BRDA:3619,483,1,17030
BRDA:3621,484,0,31424
BRDA:3621,484,1,1864
BRDA:3622,485,0,6557
BRDA:3622,485,1,24867
BRDA:3623,486,0,2
BRDA:3623,486,1,6555
BRDA:3627,487,0,6555
BRDA:3627,487,1,24869
BRDA:3628,488,0,2
BRDA:3628,488,1,6553
BRDA:3633,489,0,172
BRDA:3633,489,1,31252
BRDA:3634,490,0,161
BRDA:3634,490,1,11
BRDA:3637,491,0,166
BRDA:3637,491,1,6
BRDA:3641,492,0,3891
BRDA:3641,492,1,27533
BRDA:3644,493,0,2238
BRDA:3644,493,1,29186
BRDA:3647,494,0,536
BRDA:3647,494,1,1702
BRDA:3662,495,0,1864
BRDA:3662,495,1,1863
BRDA:3669,496,0,33293
BRDA:3669,496,1,25986
BRDA:3670,497,0,33293
BRDA:3670,497,1,1871
BRDA:3671,498,0,33293
BRDA:3671,498,1,1870
BRDA:3671,498,2,1866
BRDA:3676,499,0,33
BRDA:3676,499,1,1830
BRDA:3676,500,0,1863
BRDA:3676,500,1,1545
BRDA:3676,500,2,709
BRDA:3679,501,0,703
BRDA:3679,501,1,1160
BRDA:3679,502,0,1551
BRDA:3679,502,1,312
BRDA:3683,503,0,1158
BRDA:3683,503,1,2
BRDA:3694,504,0,830
BRDA:3694,504,1,266
BRDA:3694,505,0,1096
BRDA:3694,505,1,902
BRDA:3694,505,2,308
BRDA:3697,506,0,38
BRDA:3697,506,1,228
BRDA:3706,507,0,32
BRDA:3706,507,1,49
BRDA:3706,508,0,81
BRDA:3706,508,1,58
BRDA:3706,508,2,50
BRDA:3707,509,0,30
BRDA:3707,509,1,2
BRDA:3711,510,0,9
BRDA:3711,510,1,40
BRDA:3714,511,0,7
BRDA:3714,511,1,42
BRDA:3714,512,0,49
BRDA:3714,512,1,43
BRDA:3714,512,2,8
BRDA:3717,513,0,19
BRDA:3717,513,1,30
BRDA:3717,514,0,49
BRDA:3717,514,1,19
BRDA:3721,515,0,48
BRDA:3721,515,1,1
BRDA:3731,516,0,1
BRDA:3731,516,1,38
BRDA:3731,517,0,39
BRDA:3731,517,1,38
BRDA:3751,518,0,1
BRDA:3751,518,1,22
BRDA:3755,519,0,0
BRDA:3755,519,1,18
BRDA:3781,520,0,160
BRDA:3781,520,1,158
BRDA:3782,521,0,10
BRDA:3782,521,1,150
BRDA:3787,522,0,726
BRDA:3787,522,1,269
BRDA:3806,523,0,5
BRDA:3806,523,1,214
BRDA:3811,524,0,5
BRDA:3811,524,1,1
BRDA:3817,525,0,4
BRDA:3817,525,1,3
BRDA:3818,526,0,0
BRDA:3818,526,1,4
BRDA:3827,527,0,18
BRDA:3827,527,1,8
BRDA:3827,528,0,26
BRDA:3827,528,1,18
BRDA:3828,529,0,1
BRDA:3828,529,1,17
BRDA:3833,530,0,8
BRDA:3833,530,1,0
BRDA:3833,531,0,8
BRDA:3833,531,1,5
BRDA:3844,532,0,18
BRDA:3844,532,1,18
BRDA:3866,533,0,3
BRDA:3866,533,1,5
BRDA:3870,534,0,1
BRDA:3870,534,1,2
BRDA:3889,535,0,1
BRDA:3889,535,1,79
BRDA:3889,536,0,80
BRDA:3889,536,1,80
BRDA:3889,536,2,56
BRDA:3889,537,0,56
BRDA:3889,537,1,0
BRDA:3893,538,0,78
BRDA:3893,538,1,2
BRDA:3893,539,0,80
BRDA:3893,539,1,80
BRDA:3896,540,0,78
BRDA:3896,540,1,23
BRDA:3898,541,0,78
BRDA:3898,541,1,23
BRDA:3906,542,0,312
BRDA:3906,542,1,0
BRDA:3952,543,0,796
BRDA:3952,543,1,258
BRDA:3971,544,0,1448
BRDA:3971,544,1,0
BRDA:3981,545,0,5
BRDA:3981,545,1,1465
BRDA:3996,546,0,33
BRDA:3996,546,1,2075
BRDA:4011,547,0,28
BRDA:4011,547,1,1516
BRDA:4014,548,0,1544
BRDA:4014,548,1,78
BRDA:4024,549,0,2
BRDA:4024,549,1,0
BRDA:4031,550,0,70
BRDA:4031,550,1,0
BRDA:4034,551,0,5
BRDA:4034,551,1,69
BRDA:4057,552,0,9
BRDA:4057,552,1,69
BRDA:4058,553,0,78
BRDA:4058,553,1,78
BRDA:4078,554,0,1642
BRDA:4078,554,1,1569
BRDA:4081,555,0,1642
BRDA:4081,555,1,1633
BRDA:4086,556,0,1599
BRDA:4086,556,1,10953
BRDA:4097,557,0,1635
BRDA:4097,557,1,10926
BRDA:4097,558,0,10908
BRDA:4097,558,1,18
BRDA:4097,559,0,1
BRDA:4097,559,1,10907
BRDA:4097,560,0,9
BRDA:4097,560,1,9
BRDA:4098,561,0,12551
BRDA:4098,561,1,10
BRDA:4102,562,0,12513
BRDA:4102,562,1,6580
BRDA:4103,563,0,12513
BRDA:4103,563,1,303
BRDA:4113,564,0,1649
BRDA:4113,564,1,10903
BRDA:4116,565,0,318
BRDA:4116,565,1,10585
BRDA:4116,566,0,10903
BRDA:4116,566,1,10589
BRDA:4116,566,2,4
BRDA:4117,567,0,6
BRDA:4117,567,1,312
BRDA:4123,568,0,10638
BRDA:4123,568,1,265
BRDA:4123,569,0,10903
BRDA:4123,569,1,10893
BRDA:4124,570,0,3
BRDA:4124,570,1,10635
BRDA:4128,571,0,7
BRDA:4128,571,1,10896
BRDA:4128,572,0,10903
BRDA:4128,572,1,12
BRDA:4129,573,0,1
BRDA:4129,573,1,6
BRDA:4134,574,0,256
BRDA:4134,574,1,10647
BRDA:4134,575,0,10903
BRDA:4134,575,1,256
BRDA:4135,576,0,4
BRDA:4135,576,1,252
BRDA:4138,577,0,166
BRDA:4138,577,1,90
BRDA:4149,578,0,447
BRDA:4149,578,1,425
BRDA:4184,579,0,489
BRDA:4184,579,1,0
BRDA:4193,580,0,20
BRDA:4193,580,1,14
BRDA:4201,581,0,465
BRDA:4201,581,1,27
BRDA:4204,582,0,492
BRDA:4204,582,1,486
BRDA:4206,583,0,492
BRDA:4206,583,1,486
BRDA:4241,584,0,1141
BRDA:4241,584,1,38
BRDA:4265,585,0,8407
BRDA:4265,585,1,5741
BRDA:4267,586,0,1179
BRDA:4267,586,1,425
BRDA:4274,587,0,58
BRDA:4274,587,1,984
BRDA:4277,588,0,1042
BRDA:4277,588,1,993
BRDA:4284,589,0,11381
BRDA:4284,589,1,7759
BRDA:4284,590,0,19140
BRDA:4284,590,1,16093
BRDA:4287,591,0,407
BRDA:4287,591,1,10974
BRDA:4288,592,0,45
BRDA:4288,592,1,362
BRDA:4293,593,0,410
BRDA:4293,593,1,10971
BRDA:4294,594,0,339
BRDA:4294,594,1,71
BRDA:4300,595,0,21
BRDA:4300,595,1,11360
BRDA:4300,596,0,11381
BRDA:4300,596,1,24
BRDA:4301,597,0,10
BRDA:4301,597,1,11
BRDA:4307,598,0,342
BRDA:4307,598,1,7417
BRDA:4307,599,0,7759
BRDA:4307,599,1,4712
BRDA:4310,600,0,2957
BRDA:4310,600,1,4802
BRDA:4313,601,0,2957
BRDA:4313,601,1,4802
BRDA:4317,602,0,29
BRDA:4317,602,1,19111
BRDA:4317,603,0,19140
BRDA:4317,603,1,42
BRDA:4318,604,0,11
BRDA:4318,604,1,18
BRDA:4319,605,0,4
BRDA:4319,605,1,7
BRDA:4324,606,0,2
BRDA:4324,606,1,27
BRDA:4326,607,0,16
BRDA:4326,607,1,11
BRDA:4326,608,0,27
BRDA:4326,608,1,21
BRDA:4329,609,0,11
BRDA:4329,609,1,5
BRDA:4342,610,0,109
BRDA:4342,610,1,240
BRDA:4355,611,0,11375
BRDA:4355,611,1,6
BRDA:4358,612,0,10940
BRDA:4358,612,1,435
BRDA:4358,613,0,431
BRDA:4358,613,1,4
BRDA:4358,614,0,0
BRDA:4358,614,1,4
BRDA:4360,615,0,5
BRDA:4360,615,1,1
BRDA:4365,616,0,11732
BRDA:4365,616,1,16
BRDA:4370,617,0,11444
BRDA:4370,617,1,304
BRDA:4370,618,0,11748
BRDA:4370,618,1,11448
BRDA:4371,619,0,11312
BRDA:4371,619,1,132
BRDA:4380,620,0,152
BRDA:4380,620,1,5
BRDA:4384,621,0,78
BRDA:4384,621,1,543
BRDA:4388,622,0,5
BRDA:4388,622,1,0
BRDA:4389,623,0,1
BRDA:4389,623,1,4
BRDA:4400,624,0,8
BRDA:4400,624,1,7
BRDA:4450,625,0,6
BRDA:4450,625,1,670
BRDA:4455,626,0,33
BRDA:4455,626,1,637
BRDA:4463,627,0,406
BRDA:4463,627,1,45
BRDA:4479,628,0,236
BRDA:4479,628,1,12232
BRDA:4499,629,0,237
BRDA:4499,629,1,8
BRDA:4500,630,0,245
BRDA:4500,630,1,0
BRDA:4525,631,0,0
BRDA:4525,631,1,1
BRDA:4526,632,0,0
BRDA:4526,632,1,1
BRDA:4571,633,0,0
BRDA:4571,633,1,33
BRDA:4576,634,0,33
BRDA:4576,634,1,0
BRDA:4581,635,0,6
BRDA:4581,635,1,0
BRDA:4581,636,0,6
BRDA:4581,636,1,0
BRDA:4582,637,0,6
BRDA:4582,637,1,6
BRDA:4583,638,0,6
BRDA:4583,638,1,6
BRDA:4590,639,0,33
BRDA:4590,639,1,0
BRDA:4592,640,0,0
BRDA:4592,640,1,0
BRDA:4596,641,0,33
BRDA:4596,641,1,0
BRDA:4601,642,0,6
BRDA:4601,642,1,0
BRDA:4604,643,0,33
BRDA:4604,643,1,0
BRDA:4606,644,0,0
BRDA:4606,644,1,0
BRDA:4619,645,0,6
BRDA:4619,645,1,0
BRDA:4629,646,0,6
BRDA:4629,646,1,0
BRDA:4631,647,0,6
BRDA:4631,647,1,0
BRDA:4632,648,0,6
BRDA:4632,648,1,0
BRDA:4633,649,0,0
BRDA:4633,649,1,6
BRDA:4633,650,0,6
BRDA:4633,650,1,6
BRDA:4636,651,0,6
BRDA:4636,651,1,0
BRDA:4659,652,0,0
BRDA:4659,652,1,0
BRDA:4659,653,0,0
BRDA:4659,653,1,0
BRDA:4665,654,0,0
BRDA:4665,654,1,0
BRDA:4670,655,0,1
BRDA:4670,655,1,0
BRDA:4674,656,0,0
BRDA:4674,656,1,0
BRDA:4692,657,0,0
BRDA:4692,657,1,0
BRDA:4697,658,0,0
BRDA:4697,658,1,0
BRDA:4698,659,0,0
BRDA:4698,659,1,0
BRDA:4700,660,0,0
BRDA:4700,660,1,0
BRDA:4703,661,0,0
BRDA:4703,661,1,0
BRDA:4705,662,0,0
BRDA:4705,662,1,0
BRDA:4716,663,0,0
BRDA:4716,663,1,1
BRDA:4716,664,0,1
BRDA:4716,664,1,0
BRDA:4720,665,0,1
BRDA:4720,665,1,0
BRDA:4720,666,0,1
BRDA:4720,666,1,1
BRDA:4723,667,0,0
BRDA:4723,667,1,0
BRDA:4723,668,0,0
BRDA:4723,668,1,0
BRDA:4726,669,0,0
BRDA:4726,669,1,0
BRDA:4726,670,0,0
BRDA:4726,670,1,0
BRF:1366
BRH:1290
end_of_record
